
============================================================
GAME: chicken
============================================================

--- chicken seed 42 @ 10:05:10 ---
  [run]  het_gsaca @ 30ep ...
Traceback (most recent call last):
  File "/data/lab/gsaca/code/run_experiment_local.py", line 367, in run_game_seed
    run_gsaca_cell(cfg, args.episodes, seed_dir,
  File "/data/lab/gsaca/code/run_experiment_local.py", line 257, in run_gsaca_cell
    wrap_payoff_noise(game, noise_std)
  File "/data/lab/gsaca/code/run_experiment_local.py", line 90, in wrap_payoff_noise
    base_payoff = game.base.payoff
AttributeError: 'MatrixGame' object has no attribute 'base'
  [ERROR] het_gsaca: 'MatrixGame' object has no attribute 'base'
  --- chicken seed 42 done in 0s ---

--- chicken seed 43 @ 10:05:10 ---
  [run]  het_gsaca @ 30ep ...
Traceback (most recent call last):
  File "/data/lab/gsaca/code/run_experiment_local.py", line 367, in run_game_seed
    run_gsaca_cell(cfg, args.episodes, seed_dir,
  File "/data/lab/gsaca/code/run_experiment_local.py", line 257, in run_gsaca_cell
    wrap_payoff_noise(game, noise_std)
  File "/data/lab/gsaca/code/run_experiment_local.py", line 90, in wrap_payoff_noise
    base_payoff = game.base.payoff
AttributeError: 'MatrixGame' object has no attribute 'base'
  [ERROR] het_gsaca: 'MatrixGame' object has no attribute 'base'
  --- chicken seed 43 done in 0s ---

--- chicken seed 44 @ 10:05:10 ---
  [run]  het_gsaca @ 30ep ...
Traceback (most recent call last):
  File "/data/lab/gsaca/code/run_experiment_local.py", line 367, in run_game_seed
    run_gsaca_cell(cfg, args.episodes, seed_dir,
  File "/data/lab/gsaca/code/run_experiment_local.py", line 257, in run_gsaca_cell
    wrap_payoff_noise(game, noise_std)
  File "/data/lab/gsaca/code/run_experiment_local.py", line 90, in wrap_payoff_noise
    base_payoff = game.base.payoff
AttributeError: 'MatrixGame' object has no attribute 'base'
  [ERROR] het_gsaca: 'MatrixGame' object has no attribute 'base'
  --- chicken seed 44 done in 0s ---

--- chicken seed 45 @ 10:05:10 ---
  [run]  het_gsaca @ 30ep ...
Traceback (most recent call last):
  File "/data/lab/gsaca/code/run_experiment_local.py", line 367, in run_game_seed
    run_gsaca_cell(cfg, args.episodes, seed_dir,
  File "/data/lab/gsaca/code/run_experiment_local.py", line 257, in run_gsaca_cell
    wrap_payoff_noise(game, noise_std)
  File "/data/lab/gsaca/code/run_experiment_local.py", line 90, in wrap_payoff_noise
    base_payoff = game.base.payoff
AttributeError: 'MatrixGame' object has no attribute 'base'
  [ERROR] het_gsaca: 'MatrixGame' object has no attribute 'base'
  --- chicken seed 45 done in 0s ---

--- chicken seed 46 @ 10:05:10 ---
  [run]  het_gsaca @ 30ep ...
Traceback (most recent call last):
  File "/data/lab/gsaca/code/run_experiment_local.py", line 367, in run_game_seed
    run_gsaca_cell(cfg, args.episodes, seed_dir,
  File "/data/lab/gsaca/code/run_experiment_local.py", line 257, in run_gsaca_cell
    wrap_payoff_noise(game, noise_std)
  File "/data/lab/gsaca/code/run_experiment_local.py", line 90, in wrap_payoff_noise
    base_payoff = game.base.payoff
AttributeError: 'MatrixGame' object has no attribute 'base'
  [ERROR] het_gsaca: 'MatrixGame' object has no attribute 'base'
  --- chicken seed 46 done in 0s ---

============================================================
GAME: hawk_dove
============================================================

--- hawk_dove seed 42 @ 10:05:10 ---
  [run]  het_gsaca @ 30ep ...
Traceback (most recent call last):
  File "/data/lab/gsaca/code/run_experiment_local.py", line 367, in run_game_seed
    run_gsaca_cell(cfg, args.episodes, seed_dir,
  File "/data/lab/gsaca/code/run_experiment_local.py", line 257, in run_gsaca_cell
    wrap_payoff_noise(game, noise_std)
  File "/data/lab/gsaca/code/run_experiment_local.py", line 90, in wrap_payoff_noise
    base_payoff = game.base.payoff
AttributeError: 'MatrixGame' object has no attribute 'base'
  [ERROR] het_gsaca: 'MatrixGame' object has no attribute 'base'
  --- hawk_dove seed 42 done in 0s ---

--- hawk_dove seed 43 @ 10:05:10 ---
  [run]  het_gsaca @ 30ep ...
Traceback (most recent call last):
  File "/data/lab/gsaca/code/run_experiment_local.py", line 367, in run_game_seed
    run_gsaca_cell(cfg, args.episodes, seed_dir,
  File "/data/lab/gsaca/code/run_experiment_local.py", line 257, in run_gsaca_cell
    wrap_payoff_noise(game, noise_std)
  File "/data/lab/gsaca/code/run_experiment_local.py", line 90, in wrap_payoff_noise
    base_payoff = game.base.payoff
AttributeError: 'MatrixGame' object has no attribute 'base'
  [ERROR] het_gsaca: 'MatrixGame' object has no attribute 'base'
  --- hawk_dove seed 43 done in 0s ---

--- hawk_dove seed 44 @ 10:05:10 ---
  [run]  het_gsaca @ 30ep ...
Traceback (most recent call last):
  File "/data/lab/gsaca/code/run_experiment_local.py", line 367, in run_game_seed
    run_gsaca_cell(cfg, args.episodes, seed_dir,
  File "/data/lab/gsaca/code/run_experiment_local.py", line 257, in run_gsaca_cell
    wrap_payoff_noise(game, noise_std)
  File "/data/lab/gsaca/code/run_experiment_local.py", line 90, in wrap_payoff_noise
    base_payoff = game.base.payoff
AttributeError: 'MatrixGame' object has no attribute 'base'
  [ERROR] het_gsaca: 'MatrixGame' object has no attribute 'base'
  --- hawk_dove seed 44 done in 0s ---

--- hawk_dove seed 45 @ 10:05:10 ---
  [run]  het_gsaca @ 30ep ...
Traceback (most recent call last):
  File "/data/lab/gsaca/code/run_experiment_local.py", line 367, in run_game_seed
    run_gsaca_cell(cfg, args.episodes, seed_dir,
  File "/data/lab/gsaca/code/run_experiment_local.py", line 257, in run_gsaca_cell
    wrap_payoff_noise(game, noise_std)
  File "/data/lab/gsaca/code/run_experiment_local.py", line 90, in wrap_payoff_noise
    base_payoff = game.base.payoff
AttributeError: 'MatrixGame' object has no attribute 'base'
  [ERROR] het_gsaca: 'MatrixGame' object has no attribute 'base'
  --- hawk_dove seed 45 done in 0s ---

--- hawk_dove seed 46 @ 10:05:10 ---
  [run]  het_gsaca @ 30ep ...
Traceback (most recent call last):
  File "/data/lab/gsaca/code/run_experiment_local.py", line 367, in run_game_seed
    run_gsaca_cell(cfg, args.episodes, seed_dir,
  File "/data/lab/gsaca/code/run_experiment_local.py", line 257, in run_gsaca_cell
    wrap_payoff_noise(game, noise_std)
  File "/data/lab/gsaca/code/run_experiment_local.py", line 90, in wrap_payoff_noise
    base_payoff = game.base.payoff
AttributeError: 'MatrixGame' object has no attribute 'base'
  [ERROR] het_gsaca: 'MatrixGame' object has no attribute 'base'
  --- hawk_dove seed 46 done in 0s ---

============================================================
GAME: deadlock
============================================================

--- deadlock seed 42 @ 10:05:10 ---
  [run]  het_gsaca @ 30ep ...
Traceback (most recent call last):
  File "/data/lab/gsaca/code/run_experiment_local.py", line 367, in run_game_seed
    run_gsaca_cell(cfg, args.episodes, seed_dir,
  File "/data/lab/gsaca/code/run_experiment_local.py", line 257, in run_gsaca_cell
    wrap_payoff_noise(game, noise_std)
  File "/data/lab/gsaca/code/run_experiment_local.py", line 90, in wrap_payoff_noise
    base_payoff = game.base.payoff
AttributeError: 'MatrixGame' object has no attribute 'base'
  [ERROR] het_gsaca: 'MatrixGame' object has no attribute 'base'
  --- deadlock seed 42 done in 0s ---

--- deadlock seed 43 @ 10:05:10 ---
  [run]  het_gsaca @ 30ep ...
Traceback (most recent call last):
  File "/data/lab/gsaca/code/run_experiment_local.py", line 367, in run_game_seed
    run_gsaca_cell(cfg, args.episodes, seed_dir,
  File "/data/lab/gsaca/code/run_experiment_local.py", line 257, in run_gsaca_cell
    wrap_payoff_noise(game, noise_std)
  File "/data/lab/gsaca/code/run_experiment_local.py", line 90, in wrap_payoff_noise
    base_payoff = game.base.payoff
AttributeError: 'MatrixGame' object has no attribute 'base'
  [ERROR] het_gsaca: 'MatrixGame' object has no attribute 'base'
  --- deadlock seed 43 done in 0s ---

--- deadlock seed 44 @ 10:05:10 ---
  [run]  het_gsaca @ 30ep ...
Traceback (most recent call last):
  File "/data/lab/gsaca/code/run_experiment_local.py", line 367, in run_game_seed
    run_gsaca_cell(cfg, args.episodes, seed_dir,
  File "/data/lab/gsaca/code/run_experiment_local.py", line 257, in run_gsaca_cell
    wrap_payoff_noise(game, noise_std)
  File "/data/lab/gsaca/code/run_experiment_local.py", line 90, in wrap_payoff_noise
    base_payoff = game.base.payoff
AttributeError: 'MatrixGame' object has no attribute 'base'
  [ERROR] het_gsaca: 'MatrixGame' object has no attribute 'base'
  --- deadlock seed 44 done in 0s ---

--- deadlock seed 45 @ 10:05:10 ---
  [run]  het_gsaca @ 30ep ...
Traceback (most recent call last):
  File "/data/lab/gsaca/code/run_experiment_local.py", line 367, in run_game_seed
    run_gsaca_cell(cfg, args.episodes, seed_dir,
  File "/data/lab/gsaca/code/run_experiment_local.py", line 257, in run_gsaca_cell
    wrap_payoff_noise(game, noise_std)
  File "/data/lab/gsaca/code/run_experiment_local.py", line 90, in wrap_payoff_noise
    base_payoff = game.base.payoff
AttributeError: 'MatrixGame' object has no attribute 'base'
  [ERROR] het_gsaca: 'MatrixGame' object has no attribute 'base'
  --- deadlock seed 45 done in 0s ---

--- deadlock seed 46 @ 10:05:10 ---
  [run]  het_gsaca @ 30ep ...
Traceback (most recent call last):
  File "/data/lab/gsaca/code/run_experiment_local.py", line 367, in run_game_seed
    run_gsaca_cell(cfg, args.episodes, seed_dir,
  File "/data/lab/gsaca/code/run_experiment_local.py", line 257, in run_gsaca_cell
    wrap_payoff_noise(game, noise_std)
  File "/data/lab/gsaca/code/run_experiment_local.py", line 90, in wrap_payoff_noise
    base_payoff = game.base.payoff
AttributeError: 'MatrixGame' object has no attribute 'base'
  [ERROR] het_gsaca: 'MatrixGame' object has no attribute 'base'
  --- deadlock seed 46 done in 0s ---

============================================================
GAME: stag_hunt
============================================================

--- stag_hunt seed 42 @ 10:05:10 ---
  [run]  het_gsaca @ 30ep ...
Traceback (most recent call last):
  File "/data/lab/gsaca/code/run_experiment_local.py", line 367, in run_game_seed
    run_gsaca_cell(cfg, args.episodes, seed_dir,
  File "/data/lab/gsaca/code/run_experiment_local.py", line 257, in run_gsaca_cell
    wrap_payoff_noise(game, noise_std)
  File "/data/lab/gsaca/code/run_experiment_local.py", line 90, in wrap_payoff_noise
    base_payoff = game.base.payoff
AttributeError: 'MatrixGame' object has no attribute 'base'
  [ERROR] het_gsaca: 'MatrixGame' object has no attribute 'base'
  --- stag_hunt seed 42 done in 0s ---

--- stag_hunt seed 43 @ 10:05:10 ---
  [run]  het_gsaca @ 30ep ...
Traceback (most recent call last):
  File "/data/lab/gsaca/code/run_experiment_local.py", line 367, in run_game_seed
    run_gsaca_cell(cfg, args.episodes, seed_dir,
  File "/data/lab/gsaca/code/run_experiment_local.py", line 257, in run_gsaca_cell
    wrap_payoff_noise(game, noise_std)
  File "/data/lab/gsaca/code/run_experiment_local.py", line 90, in wrap_payoff_noise
    base_payoff = game.base.payoff
AttributeError: 'MatrixGame' object has no attribute 'base'
  [ERROR] het_gsaca: 'MatrixGame' object has no attribute 'base'
  --- stag_hunt seed 43 done in 0s ---

--- stag_hunt seed 44 @ 10:05:10 ---
  [run]  het_gsaca @ 30ep ...
Traceback (most recent call last):
  File "/data/lab/gsaca/code/run_experiment_local.py", line 367, in run_game_seed
    run_gsaca_cell(cfg, args.episodes, seed_dir,
  File "/data/lab/gsaca/code/run_experiment_local.py", line 257, in run_gsaca_cell
    wrap_payoff_noise(game, noise_std)
  File "/data/lab/gsaca/code/run_experiment_local.py", line 90, in wrap_payoff_noise
    base_payoff = game.base.payoff
AttributeError: 'MatrixGame' object has no attribute 'base'
  [ERROR] het_gsaca: 'MatrixGame' object has no attribute 'base'
  --- stag_hunt seed 44 done in 0s ---

--- stag_hunt seed 45 @ 10:05:10 ---
  [run]  het_gsaca @ 30ep ...
Traceback (most recent call last):
  File "/data/lab/gsaca/code/run_experiment_local.py", line 367, in run_game_seed
    run_gsaca_cell(cfg, args.episodes, seed_dir,
  File "/data/lab/gsaca/code/run_experiment_local.py", line 257, in run_gsaca_cell
    wrap_payoff_noise(game, noise_std)
  File "/data/lab/gsaca/code/run_experiment_local.py", line 90, in wrap_payoff_noise
    base_payoff = game.base.payoff
AttributeError: 'MatrixGame' object has no attribute 'base'
  [ERROR] het_gsaca: 'MatrixGame' object has no attribute 'base'
  --- stag_hunt seed 45 done in 0s ---

--- stag_hunt seed 46 @ 10:05:10 ---
  [run]  het_gsaca @ 30ep ...
Traceback (most recent call last):
  File "/data/lab/gsaca/code/run_experiment_local.py", line 367, in run_game_seed
    run_gsaca_cell(cfg, args.episodes, seed_dir,
  File "/data/lab/gsaca/code/run_experiment_local.py", line 257, in run_gsaca_cell
    wrap_payoff_noise(game, noise_std)
  File "/data/lab/gsaca/code/run_experiment_local.py", line 90, in wrap_payoff_noise
    base_payoff = game.base.payoff
AttributeError: 'MatrixGame' object has no attribute 'base'
  [ERROR] het_gsaca: 'MatrixGame' object has no attribute 'base'
  --- stag_hunt seed 46 done in 0s ---

============================================================
GAME: battle_of_the_sexes
============================================================

--- battle_of_the_sexes seed 42 @ 10:05:10 ---
  [run]  het_gsaca @ 30ep ...
Traceback (most recent call last):
  File "/data/lab/gsaca/code/run_experiment_local.py", line 367, in run_game_seed
    run_gsaca_cell(cfg, args.episodes, seed_dir,
  File "/data/lab/gsaca/code/run_experiment_local.py", line 257, in run_gsaca_cell
    wrap_payoff_noise(game, noise_std)
  File "/data/lab/gsaca/code/run_experiment_local.py", line 90, in wrap_payoff_noise
    base_payoff = game.base.payoff
AttributeError: 'MatrixGame' object has no attribute 'base'
  [ERROR] het_gsaca: 'MatrixGame' object has no attribute 'base'
  --- battle_of_the_sexes seed 42 done in 0s ---

--- battle_of_the_sexes seed 43 @ 10:05:10 ---
  [run]  het_gsaca @ 30ep ...
Traceback (most recent call last):
  File "/data/lab/gsaca/code/run_experiment_local.py", line 367, in run_game_seed
    run_gsaca_cell(cfg, args.episodes, seed_dir,
  File "/data/lab/gsaca/code/run_experiment_local.py", line 257, in run_gsaca_cell
    wrap_payoff_noise(game, noise_std)
  File "/data/lab/gsaca/code/run_experiment_local.py", line 90, in wrap_payoff_noise
    base_payoff = game.base.payoff
AttributeError: 'MatrixGame' object has no attribute 'base'
  [ERROR] het_gsaca: 'MatrixGame' object has no attribute 'base'
  --- battle_of_the_sexes seed 43 done in 0s ---

--- battle_of_the_sexes seed 44 @ 10:05:10 ---
  [run]  het_gsaca @ 30ep ...
Traceback (most recent call last):
  File "/data/lab/gsaca/code/run_experiment_local.py", line 367, in run_game_seed
    run_gsaca_cell(cfg, args.episodes, seed_dir,
  File "/data/lab/gsaca/code/run_experiment_local.py", line 257, in run_gsaca_cell
    wrap_payoff_noise(game, noise_std)
  File "/data/lab/gsaca/code/run_experiment_local.py", line 90, in wrap_payoff_noise
    base_payoff = game.base.payoff
AttributeError: 'MatrixGame' object has no attribute 'base'
  [ERROR] het_gsaca: 'MatrixGame' object has no attribute 'base'
  --- battle_of_the_sexes seed 44 done in 0s ---

--- battle_of_the_sexes seed 45 @ 10:05:10 ---
  [run]  het_gsaca @ 30ep ...
Traceback (most recent call last):
  File "/data/lab/gsaca/code/run_experiment_local.py", line 367, in run_game_seed
    run_gsaca_cell(cfg, args.episodes, seed_dir,
  File "/data/lab/gsaca/code/run_experiment_local.py", line 257, in run_gsaca_cell
    wrap_payoff_noise(game, noise_std)
  File "/data/lab/gsaca/code/run_experiment_local.py", line 90, in wrap_payoff_noise
    base_payoff = game.base.payoff
AttributeError: 'MatrixGame' object has no attribute 'base'
  [ERROR] het_gsaca: 'MatrixGame' object has no attribute 'base'
  --- battle_of_the_sexes seed 45 done in 0s ---

--- battle_of_the_sexes seed 46 @ 10:05:10 ---
  [run]  het_gsaca @ 30ep ...
Traceback (most recent call last):
  File "/data/lab/gsaca/code/run_experiment_local.py", line 367, in run_game_seed
    run_gsaca_cell(cfg, args.episodes, seed_dir,
  File "/data/lab/gsaca/code/run_experiment_local.py", line 257, in run_gsaca_cell
    wrap_payoff_noise(game, noise_std)
  File "/data/lab/gsaca/code/run_experiment_local.py", line 90, in wrap_payoff_noise
    base_payoff = game.base.payoff
AttributeError: 'MatrixGame' object has no attribute 'base'
  [ERROR] het_gsaca: 'MatrixGame' object has no attribute 'base'
  --- battle_of_the_sexes seed 46 done in 0s ---

============================================================
GAME: public_goods
============================================================

--- public_goods seed 42 @ 10:05:10 ---
  [run]  het_gsaca @ 30ep ...
Traceback (most recent call last):
  File "/data/lab/gsaca/code/run_experiment_local.py", line 367, in run_game_seed
    run_gsaca_cell(cfg, args.episodes, seed_dir,
  File "/data/lab/gsaca/code/run_experiment_local.py", line 257, in run_gsaca_cell
    wrap_payoff_noise(game, noise_std)
  File "/data/lab/gsaca/code/run_experiment_local.py", line 90, in wrap_payoff_noise
    base_payoff = game.base.payoff
AttributeError: 'MatrixGame' object has no attribute 'base'
  [ERROR] het_gsaca: 'MatrixGame' object has no attribute 'base'
  --- public_goods seed 42 done in 0s ---

--- public_goods seed 43 @ 10:05:10 ---
  [run]  het_gsaca @ 30ep ...
Traceback (most recent call last):
  File "/data/lab/gsaca/code/run_experiment_local.py", line 367, in run_game_seed
    run_gsaca_cell(cfg, args.episodes, seed_dir,
  File "/data/lab/gsaca/code/run_experiment_local.py", line 257, in run_gsaca_cell
    wrap_payoff_noise(game, noise_std)
  File "/data/lab/gsaca/code/run_experiment_local.py", line 90, in wrap_payoff_noise
    base_payoff = game.base.payoff
AttributeError: 'MatrixGame' object has no attribute 'base'
  [ERROR] het_gsaca: 'MatrixGame' object has no attribute 'base'
  --- public_goods seed 43 done in 0s ---

--- public_goods seed 44 @ 10:05:10 ---
  [run]  het_gsaca @ 30ep ...
Traceback (most recent call last):
  File "/data/lab/gsaca/code/run_experiment_local.py", line 367, in run_game_seed
    run_gsaca_cell(cfg, args.episodes, seed_dir,
  File "/data/lab/gsaca/code/run_experiment_local.py", line 257, in run_gsaca_cell
    wrap_payoff_noise(game, noise_std)
  File "/data/lab/gsaca/code/run_experiment_local.py", line 90, in wrap_payoff_noise
    base_payoff = game.base.payoff
AttributeError: 'MatrixGame' object has no attribute 'base'
  [ERROR] het_gsaca: 'MatrixGame' object has no attribute 'base'
  --- public_goods seed 44 done in 0s ---

--- public_goods seed 45 @ 10:05:10 ---
  [run]  het_gsaca @ 30ep ...
Traceback (most recent call last):
  File "/data/lab/gsaca/code/run_experiment_local.py", line 367, in run_game_seed
    run_gsaca_cell(cfg, args.episodes, seed_dir,
  File "/data/lab/gsaca/code/run_experiment_local.py", line 257, in run_gsaca_cell
    wrap_payoff_noise(game, noise_std)
  File "/data/lab/gsaca/code/run_experiment_local.py", line 90, in wrap_payoff_noise
    base_payoff = game.base.payoff
AttributeError: 'MatrixGame' object has no attribute 'base'
  [ERROR] het_gsaca: 'MatrixGame' object has no attribute 'base'
  --- public_goods seed 45 done in 0s ---

--- public_goods seed 46 @ 10:05:10 ---
  [run]  het_gsaca @ 30ep ...
Traceback (most recent call last):
  File "/data/lab/gsaca/code/run_experiment_local.py", line 367, in run_game_seed
    run_gsaca_cell(cfg, args.episodes, seed_dir,
  File "/data/lab/gsaca/code/run_experiment_local.py", line 257, in run_gsaca_cell
    wrap_payoff_noise(game, noise_std)
  File "/data/lab/gsaca/code/run_experiment_local.py", line 90, in wrap_payoff_noise
    base_payoff = game.base.payoff
AttributeError: 'MatrixGame' object has no attribute 'base'
  [ERROR] het_gsaca: 'MatrixGame' object has no attribute 'base'
  --- public_goods seed 46 done in 0s ---

============================================================
Complete: 0s total
Output: /data/lab/results/v2/exp_d_fix/d1_
============================================================

============================================================
GAME: chicken
============================================================

--- chicken seed 42 @ 10:05:10 ---
  [run]  het_gsaca @ 30ep ...
Traceback (most recent call last):
  File "/data/lab/gsaca/code/run_experiment_local.py", line 367, in run_game_seed
    run_gsaca_cell(cfg, args.episodes, seed_dir,
  File "/data/lab/gsaca/code/run_experiment_local.py", line 257, in run_gsaca_cell
    wrap_payoff_noise(game, noise_std)
  File "/data/lab/gsaca/code/run_experiment_local.py", line 90, in wrap_payoff_noise
    base_payoff = game.base.payoff
AttributeError: 'MatrixGame' object has no attribute 'base'
  [ERROR] het_gsaca: 'MatrixGame' object has no attribute 'base'
  --- chicken seed 42 done in 0s ---

--- chicken seed 43 @ 10:05:10 ---
  [run]  het_gsaca @ 30ep ...
Traceback (most recent call last):
  File "/data/lab/gsaca/code/run_experiment_local.py", line 367, in run_game_seed
    run_gsaca_cell(cfg, args.episodes, seed_dir,
  File "/data/lab/gsaca/code/run_experiment_local.py", line 257, in run_gsaca_cell
    wrap_payoff_noise(game, noise_std)
  File "/data/lab/gsaca/code/run_experiment_local.py", line 90, in wrap_payoff_noise
    base_payoff = game.base.payoff
AttributeError: 'MatrixGame' object has no attribute 'base'
  [ERROR] het_gsaca: 'MatrixGame' object has no attribute 'base'
  --- chicken seed 43 done in 0s ---

--- chicken seed 44 @ 10:05:10 ---
  [run]  het_gsaca @ 30ep ...
Traceback (most recent call last):
  File "/data/lab/gsaca/code/run_experiment_local.py", line 367, in run_game_seed
    run_gsaca_cell(cfg, args.episodes, seed_dir,
  File "/data/lab/gsaca/code/run_experiment_local.py", line 257, in run_gsaca_cell
    wrap_payoff_noise(game, noise_std)
  File "/data/lab/gsaca/code/run_experiment_local.py", line 90, in wrap_payoff_noise
    base_payoff = game.base.payoff
AttributeError: 'MatrixGame' object has no attribute 'base'
  [ERROR] het_gsaca: 'MatrixGame' object has no attribute 'base'
  --- chicken seed 44 done in 0s ---

--- chicken seed 45 @ 10:05:10 ---
  [run]  het_gsaca @ 30ep ...
Traceback (most recent call last):
  File "/data/lab/gsaca/code/run_experiment_local.py", line 367, in run_game_seed
    run_gsaca_cell(cfg, args.episodes, seed_dir,
  File "/data/lab/gsaca/code/run_experiment_local.py", line 257, in run_gsaca_cell
    wrap_payoff_noise(game, noise_std)
  File "/data/lab/gsaca/code/run_experiment_local.py", line 90, in wrap_payoff_noise
    base_payoff = game.base.payoff
AttributeError: 'MatrixGame' object has no attribute 'base'
  [ERROR] het_gsaca: 'MatrixGame' object has no attribute 'base'
  --- chicken seed 45 done in 0s ---

--- chicken seed 46 @ 10:05:10 ---
  [run]  het_gsaca @ 30ep ...
Traceback (most recent call last):
  File "/data/lab/gsaca/code/run_experiment_local.py", line 367, in run_game_seed
    run_gsaca_cell(cfg, args.episodes, seed_dir,
  File "/data/lab/gsaca/code/run_experiment_local.py", line 257, in run_gsaca_cell
    wrap_payoff_noise(game, noise_std)
  File "/data/lab/gsaca/code/run_experiment_local.py", line 90, in wrap_payoff_noise
    base_payoff = game.base.payoff
AttributeError: 'MatrixGame' object has no attribute 'base'
  [ERROR] het_gsaca: 'MatrixGame' object has no attribute 'base'
  --- chicken seed 46 done in 0s ---

============================================================
GAME: hawk_dove
============================================================

--- hawk_dove seed 42 @ 10:05:10 ---
  [run]  het_gsaca @ 30ep ...
Traceback (most recent call last):
  File "/data/lab/gsaca/code/run_experiment_local.py", line 367, in run_game_seed
    run_gsaca_cell(cfg, args.episodes, seed_dir,
  File "/data/lab/gsaca/code/run_experiment_local.py", line 257, in run_gsaca_cell
    wrap_payoff_noise(game, noise_std)
  File "/data/lab/gsaca/code/run_experiment_local.py", line 90, in wrap_payoff_noise
    base_payoff = game.base.payoff
AttributeError: 'MatrixGame' object has no attribute 'base'
  [ERROR] het_gsaca: 'MatrixGame' object has no attribute 'base'
  --- hawk_dove seed 42 done in 0s ---

--- hawk_dove seed 43 @ 10:05:10 ---
  [run]  het_gsaca @ 30ep ...
Traceback (most recent call last):
  File "/data/lab/gsaca/code/run_experiment_local.py", line 367, in run_game_seed
    run_gsaca_cell(cfg, args.episodes, seed_dir,
  File "/data/lab/gsaca/code/run_experiment_local.py", line 257, in run_gsaca_cell
    wrap_payoff_noise(game, noise_std)
  File "/data/lab/gsaca/code/run_experiment_local.py", line 90, in wrap_payoff_noise
    base_payoff = game.base.payoff
AttributeError: 'MatrixGame' object has no attribute 'base'
  [ERROR] het_gsaca: 'MatrixGame' object has no attribute 'base'
  --- hawk_dove seed 43 done in 0s ---

--- hawk_dove seed 44 @ 10:05:10 ---
  [run]  het_gsaca @ 30ep ...
Traceback (most recent call last):
  File "/data/lab/gsaca/code/run_experiment_local.py", line 367, in run_game_seed
    run_gsaca_cell(cfg, args.episodes, seed_dir,
  File "/data/lab/gsaca/code/run_experiment_local.py", line 257, in run_gsaca_cell
    wrap_payoff_noise(game, noise_std)
  File "/data/lab/gsaca/code/run_experiment_local.py", line 90, in wrap_payoff_noise
    base_payoff = game.base.payoff
AttributeError: 'MatrixGame' object has no attribute 'base'
  [ERROR] het_gsaca: 'MatrixGame' object has no attribute 'base'
  --- hawk_dove seed 44 done in 0s ---

--- hawk_dove seed 45 @ 10:05:10 ---
  [run]  het_gsaca @ 30ep ...
Traceback (most recent call last):
  File "/data/lab/gsaca/code/run_experiment_local.py", line 367, in run_game_seed
    run_gsaca_cell(cfg, args.episodes, seed_dir,
  File "/data/lab/gsaca/code/run_experiment_local.py", line 257, in run_gsaca_cell
    wrap_payoff_noise(game, noise_std)
  File "/data/lab/gsaca/code/run_experiment_local.py", line 90, in wrap_payoff_noise
    base_payoff = game.base.payoff
AttributeError: 'MatrixGame' object has no attribute 'base'
  [ERROR] het_gsaca: 'MatrixGame' object has no attribute 'base'
  --- hawk_dove seed 45 done in 0s ---

--- hawk_dove seed 46 @ 10:05:10 ---
  [run]  het_gsaca @ 30ep ...
Traceback (most recent call last):
  File "/data/lab/gsaca/code/run_experiment_local.py", line 367, in run_game_seed
    run_gsaca_cell(cfg, args.episodes, seed_dir,
  File "/data/lab/gsaca/code/run_experiment_local.py", line 257, in run_gsaca_cell
    wrap_payoff_noise(game, noise_std)
  File "/data/lab/gsaca/code/run_experiment_local.py", line 90, in wrap_payoff_noise
    base_payoff = game.base.payoff
AttributeError: 'MatrixGame' object has no attribute 'base'
  [ERROR] het_gsaca: 'MatrixGame' object has no attribute 'base'
  --- hawk_dove seed 46 done in 0s ---

============================================================
GAME: deadlock
============================================================

--- deadlock seed 42 @ 10:05:10 ---
  [run]  het_gsaca @ 30ep ...
Traceback (most recent call last):
  File "/data/lab/gsaca/code/run_experiment_local.py", line 367, in run_game_seed
    run_gsaca_cell(cfg, args.episodes, seed_dir,
  File "/data/lab/gsaca/code/run_experiment_local.py", line 257, in run_gsaca_cell
    wrap_payoff_noise(game, noise_std)
  File "/data/lab/gsaca/code/run_experiment_local.py", line 90, in wrap_payoff_noise
    base_payoff = game.base.payoff
AttributeError: 'MatrixGame' object has no attribute 'base'
  [ERROR] het_gsaca: 'MatrixGame' object has no attribute 'base'
  --- deadlock seed 42 done in 0s ---

--- deadlock seed 43 @ 10:05:10 ---
  [run]  het_gsaca @ 30ep ...
Traceback (most recent call last):
  File "/data/lab/gsaca/code/run_experiment_local.py", line 367, in run_game_seed
    run_gsaca_cell(cfg, args.episodes, seed_dir,
  File "/data/lab/gsaca/code/run_experiment_local.py", line 257, in run_gsaca_cell
    wrap_payoff_noise(game, noise_std)
  File "/data/lab/gsaca/code/run_experiment_local.py", line 90, in wrap_payoff_noise
    base_payoff = game.base.payoff
AttributeError: 'MatrixGame' object has no attribute 'base'
  [ERROR] het_gsaca: 'MatrixGame' object has no attribute 'base'
  --- deadlock seed 43 done in 0s ---

--- deadlock seed 44 @ 10:05:10 ---
  [run]  het_gsaca @ 30ep ...
Traceback (most recent call last):
  File "/data/lab/gsaca/code/run_experiment_local.py", line 367, in run_game_seed
    run_gsaca_cell(cfg, args.episodes, seed_dir,
  File "/data/lab/gsaca/code/run_experiment_local.py", line 257, in run_gsaca_cell
    wrap_payoff_noise(game, noise_std)
  File "/data/lab/gsaca/code/run_experiment_local.py", line 90, in wrap_payoff_noise
    base_payoff = game.base.payoff
AttributeError: 'MatrixGame' object has no attribute 'base'
  [ERROR] het_gsaca: 'MatrixGame' object has no attribute 'base'
  --- deadlock seed 44 done in 0s ---

--- deadlock seed 45 @ 10:05:10 ---
  [run]  het_gsaca @ 30ep ...
Traceback (most recent call last):
  File "/data/lab/gsaca/code/run_experiment_local.py", line 367, in run_game_seed
    run_gsaca_cell(cfg, args.episodes, seed_dir,
  File "/data/lab/gsaca/code/run_experiment_local.py", line 257, in run_gsaca_cell
    wrap_payoff_noise(game, noise_std)
  File "/data/lab/gsaca/code/run_experiment_local.py", line 90, in wrap_payoff_noise
    base_payoff = game.base.payoff
AttributeError: 'MatrixGame' object has no attribute 'base'
  [ERROR] het_gsaca: 'MatrixGame' object has no attribute 'base'
  --- deadlock seed 45 done in 0s ---

--- deadlock seed 46 @ 10:05:10 ---
  [run]  het_gsaca @ 30ep ...
Traceback (most recent call last):
  File "/data/lab/gsaca/code/run_experiment_local.py", line 367, in run_game_seed
    run_gsaca_cell(cfg, args.episodes, seed_dir,
  File "/data/lab/gsaca/code/run_experiment_local.py", line 257, in run_gsaca_cell
    wrap_payoff_noise(game, noise_std)
  File "/data/lab/gsaca/code/run_experiment_local.py", line 90, in wrap_payoff_noise
    base_payoff = game.base.payoff
AttributeError: 'MatrixGame' object has no attribute 'base'
  [ERROR] het_gsaca: 'MatrixGame' object has no attribute 'base'
  --- deadlock seed 46 done in 0s ---

============================================================
GAME: stag_hunt
============================================================

--- stag_hunt seed 42 @ 10:05:10 ---
  [run]  het_gsaca @ 30ep ...
Traceback (most recent call last):
  File "/data/lab/gsaca/code/run_experiment_local.py", line 367, in run_game_seed
    run_gsaca_cell(cfg, args.episodes, seed_dir,
  File "/data/lab/gsaca/code/run_experiment_local.py", line 257, in run_gsaca_cell
    wrap_payoff_noise(game, noise_std)
  File "/data/lab/gsaca/code/run_experiment_local.py", line 90, in wrap_payoff_noise
    base_payoff = game.base.payoff
AttributeError: 'MatrixGame' object has no attribute 'base'
  [ERROR] het_gsaca: 'MatrixGame' object has no attribute 'base'
  --- stag_hunt seed 42 done in 0s ---

--- stag_hunt seed 43 @ 10:05:10 ---
  [run]  het_gsaca @ 30ep ...
Traceback (most recent call last):
  File "/data/lab/gsaca/code/run_experiment_local.py", line 367, in run_game_seed
    run_gsaca_cell(cfg, args.episodes, seed_dir,
  File "/data/lab/gsaca/code/run_experiment_local.py", line 257, in run_gsaca_cell
    wrap_payoff_noise(game, noise_std)
  File "/data/lab/gsaca/code/run_experiment_local.py", line 90, in wrap_payoff_noise
    base_payoff = game.base.payoff
AttributeError: 'MatrixGame' object has no attribute 'base'
  [ERROR] het_gsaca: 'MatrixGame' object has no attribute 'base'
  --- stag_hunt seed 43 done in 0s ---

--- stag_hunt seed 44 @ 10:05:10 ---
  [run]  het_gsaca @ 30ep ...
Traceback (most recent call last):
  File "/data/lab/gsaca/code/run_experiment_local.py", line 367, in run_game_seed
    run_gsaca_cell(cfg, args.episodes, seed_dir,
  File "/data/lab/gsaca/code/run_experiment_local.py", line 257, in run_gsaca_cell
    wrap_payoff_noise(game, noise_std)
  File "/data/lab/gsaca/code/run_experiment_local.py", line 90, in wrap_payoff_noise
    base_payoff = game.base.payoff
AttributeError: 'MatrixGame' object has no attribute 'base'
  [ERROR] het_gsaca: 'MatrixGame' object has no attribute 'base'
  --- stag_hunt seed 44 done in 0s ---

--- stag_hunt seed 45 @ 10:05:10 ---
  [run]  het_gsaca @ 30ep ...
Traceback (most recent call last):
  File "/data/lab/gsaca/code/run_experiment_local.py", line 367, in run_game_seed
    run_gsaca_cell(cfg, args.episodes, seed_dir,
  File "/data/lab/gsaca/code/run_experiment_local.py", line 257, in run_gsaca_cell
    wrap_payoff_noise(game, noise_std)
  File "/data/lab/gsaca/code/run_experiment_local.py", line 90, in wrap_payoff_noise
    base_payoff = game.base.payoff
AttributeError: 'MatrixGame' object has no attribute 'base'
  [ERROR] het_gsaca: 'MatrixGame' object has no attribute 'base'
  --- stag_hunt seed 45 done in 0s ---

--- stag_hunt seed 46 @ 10:05:10 ---
  [run]  het_gsaca @ 30ep ...
Traceback (most recent call last):
  File "/data/lab/gsaca/code/run_experiment_local.py", line 367, in run_game_seed
    run_gsaca_cell(cfg, args.episodes, seed_dir,
  File "/data/lab/gsaca/code/run_experiment_local.py", line 257, in run_gsaca_cell
    wrap_payoff_noise(game, noise_std)
  File "/data/lab/gsaca/code/run_experiment_local.py", line 90, in wrap_payoff_noise
    base_payoff = game.base.payoff
AttributeError: 'MatrixGame' object has no attribute 'base'
  [ERROR] het_gsaca: 'MatrixGame' object has no attribute 'base'
  --- stag_hunt seed 46 done in 0s ---

============================================================
GAME: battle_of_the_sexes
============================================================

--- battle_of_the_sexes seed 42 @ 10:05:10 ---
  [run]  het_gsaca @ 30ep ...
Traceback (most recent call last):
  File "/data/lab/gsaca/code/run_experiment_local.py", line 367, in run_game_seed
    run_gsaca_cell(cfg, args.episodes, seed_dir,
  File "/data/lab/gsaca/code/run_experiment_local.py", line 257, in run_gsaca_cell
    wrap_payoff_noise(game, noise_std)
  File "/data/lab/gsaca/code/run_experiment_local.py", line 90, in wrap_payoff_noise
    base_payoff = game.base.payoff
AttributeError: 'MatrixGame' object has no attribute 'base'
  [ERROR] het_gsaca: 'MatrixGame' object has no attribute 'base'
  --- battle_of_the_sexes seed 42 done in 0s ---

--- battle_of_the_sexes seed 43 @ 10:05:10 ---
  [run]  het_gsaca @ 30ep ...
Traceback (most recent call last):
  File "/data/lab/gsaca/code/run_experiment_local.py", line 367, in run_game_seed
    run_gsaca_cell(cfg, args.episodes, seed_dir,
  File "/data/lab/gsaca/code/run_experiment_local.py", line 257, in run_gsaca_cell
    wrap_payoff_noise(game, noise_std)
  File "/data/lab/gsaca/code/run_experiment_local.py", line 90, in wrap_payoff_noise
    base_payoff = game.base.payoff
AttributeError: 'MatrixGame' object has no attribute 'base'
  [ERROR] het_gsaca: 'MatrixGame' object has no attribute 'base'
  --- battle_of_the_sexes seed 43 done in 0s ---

--- battle_of_the_sexes seed 44 @ 10:05:10 ---
  [run]  het_gsaca @ 30ep ...
Traceback (most recent call last):
  File "/data/lab/gsaca/code/run_experiment_local.py", line 367, in run_game_seed
    run_gsaca_cell(cfg, args.episodes, seed_dir,
  File "/data/lab/gsaca/code/run_experiment_local.py", line 257, in run_gsaca_cell
    wrap_payoff_noise(game, noise_std)
  File "/data/lab/gsaca/code/run_experiment_local.py", line 90, in wrap_payoff_noise
    base_payoff = game.base.payoff
AttributeError: 'MatrixGame' object has no attribute 'base'
  [ERROR] het_gsaca: 'MatrixGame' object has no attribute 'base'
  --- battle_of_the_sexes seed 44 done in 0s ---

--- battle_of_the_sexes seed 45 @ 10:05:10 ---
  [run]  het_gsaca @ 30ep ...
Traceback (most recent call last):
  File "/data/lab/gsaca/code/run_experiment_local.py", line 367, in run_game_seed
    run_gsaca_cell(cfg, args.episodes, seed_dir,
  File "/data/lab/gsaca/code/run_experiment_local.py", line 257, in run_gsaca_cell
    wrap_payoff_noise(game, noise_std)
  File "/data/lab/gsaca/code/run_experiment_local.py", line 90, in wrap_payoff_noise
    base_payoff = game.base.payoff
AttributeError: 'MatrixGame' object has no attribute 'base'
  [ERROR] het_gsaca: 'MatrixGame' object has no attribute 'base'
  --- battle_of_the_sexes seed 45 done in 0s ---

--- battle_of_the_sexes seed 46 @ 10:05:10 ---
  [run]  het_gsaca @ 30ep ...
Traceback (most recent call last):
  File "/data/lab/gsaca/code/run_experiment_local.py", line 367, in run_game_seed
    run_gsaca_cell(cfg, args.episodes, seed_dir,
  File "/data/lab/gsaca/code/run_experiment_local.py", line 257, in run_gsaca_cell
    wrap_payoff_noise(game, noise_std)
  File "/data/lab/gsaca/code/run_experiment_local.py", line 90, in wrap_payoff_noise
    base_payoff = game.base.payoff
AttributeError: 'MatrixGame' object has no attribute 'base'
  [ERROR] het_gsaca: 'MatrixGame' object has no attribute 'base'
  --- battle_of_the_sexes seed 46 done in 0s ---

============================================================
GAME: public_goods
============================================================

--- public_goods seed 42 @ 10:05:10 ---
  [run]  het_gsaca @ 30ep ...
Traceback (most recent call last):
  File "/data/lab/gsaca/code/run_experiment_local.py", line 367, in run_game_seed
    run_gsaca_cell(cfg, args.episodes, seed_dir,
  File "/data/lab/gsaca/code/run_experiment_local.py", line 257, in run_gsaca_cell
    wrap_payoff_noise(game, noise_std)
  File "/data/lab/gsaca/code/run_experiment_local.py", line 90, in wrap_payoff_noise
    base_payoff = game.base.payoff
AttributeError: 'MatrixGame' object has no attribute 'base'
  [ERROR] het_gsaca: 'MatrixGame' object has no attribute 'base'
  --- public_goods seed 42 done in 0s ---

--- public_goods seed 43 @ 10:05:10 ---
  [run]  het_gsaca @ 30ep ...
Traceback (most recent call last):
  File "/data/lab/gsaca/code/run_experiment_local.py", line 367, in run_game_seed
    run_gsaca_cell(cfg, args.episodes, seed_dir,
  File "/data/lab/gsaca/code/run_experiment_local.py", line 257, in run_gsaca_cell
    wrap_payoff_noise(game, noise_std)
  File "/data/lab/gsaca/code/run_experiment_local.py", line 90, in wrap_payoff_noise
    base_payoff = game.base.payoff
AttributeError: 'MatrixGame' object has no attribute 'base'
  [ERROR] het_gsaca: 'MatrixGame' object has no attribute 'base'
  --- public_goods seed 43 done in 0s ---

--- public_goods seed 44 @ 10:05:10 ---
  [run]  het_gsaca @ 30ep ...
Traceback (most recent call last):
  File "/data/lab/gsaca/code/run_experiment_local.py", line 367, in run_game_seed
    run_gsaca_cell(cfg, args.episodes, seed_dir,
  File "/data/lab/gsaca/code/run_experiment_local.py", line 257, in run_gsaca_cell
    wrap_payoff_noise(game, noise_std)
  File "/data/lab/gsaca/code/run_experiment_local.py", line 90, in wrap_payoff_noise
    base_payoff = game.base.payoff
AttributeError: 'MatrixGame' object has no attribute 'base'
  [ERROR] het_gsaca: 'MatrixGame' object has no attribute 'base'
  --- public_goods seed 44 done in 0s ---

--- public_goods seed 45 @ 10:05:10 ---
  [run]  het_gsaca @ 30ep ...
Traceback (most recent call last):
  File "/data/lab/gsaca/code/run_experiment_local.py", line 367, in run_game_seed
    run_gsaca_cell(cfg, args.episodes, seed_dir,
  File "/data/lab/gsaca/code/run_experiment_local.py", line 257, in run_gsaca_cell
    wrap_payoff_noise(game, noise_std)
  File "/data/lab/gsaca/code/run_experiment_local.py", line 90, in wrap_payoff_noise
    base_payoff = game.base.payoff
AttributeError: 'MatrixGame' object has no attribute 'base'
  [ERROR] het_gsaca: 'MatrixGame' object has no attribute 'base'
  --- public_goods seed 45 done in 0s ---

--- public_goods seed 46 @ 10:05:10 ---
  [run]  het_gsaca @ 30ep ...
Traceback (most recent call last):
  File "/data/lab/gsaca/code/run_experiment_local.py", line 367, in run_game_seed
    run_gsaca_cell(cfg, args.episodes, seed_dir,
  File "/data/lab/gsaca/code/run_experiment_local.py", line 257, in run_gsaca_cell
    wrap_payoff_noise(game, noise_std)
  File "/data/lab/gsaca/code/run_experiment_local.py", line 90, in wrap_payoff_noise
    base_payoff = game.base.payoff
AttributeError: 'MatrixGame' object has no attribute 'base'
  [ERROR] het_gsaca: 'MatrixGame' object has no attribute 'base'
  --- public_goods seed 46 done in 0s ---

============================================================
Complete: 0s total
Output: /data/lab/results/v2/exp_d_fix/d1_
============================================================
DONE_3b
