usage: run_experiment_local.py [-h] [--games GAMES [GAMES ...]]
                               [--seeds SEEDS [SEEDS ...]]
                               [--episodes EPISODES] [--horizon HORIZON]
                               [--memory MEMORY] [--cells CELLS [CELLS ...]]
                               --out_dir OUT_DIR [--log_every LOG_EVERY]
                               [--gsaca_warmup GSACA_WARMUP]
                               [--gate_trust_threshold GATE_TRUST_THRESHOLD]
                               [--gate_ema_alpha GATE_EMA_ALPHA]
                               [--atom_warmup ATOM_WARMUP]
                               [--payoff_noise_std PAYOFF_NOISE_STD]
                               [--role_asymmetric_hint] [--history_split_hint]
                               [--adaptive_intervention]
                               [--adaptive_interv_threshold ADAPTIVE_INTERV_THRESHOLD]
                               [--abstain_tau ABSTAIN_TAU]
                               [--models_het MODELS_HET MODELS_HET]
                               [--model_homo MODEL_HOMO] [--force]
run_experiment_local.py: error: argument --models_het: expected 2 arguments
usage: run_experiment_local.py [-h] [--games GAMES [GAMES ...]]
                               [--seeds SEEDS [SEEDS ...]]
                               [--episodes EPISODES] [--horizon HORIZON]
                               [--memory MEMORY] [--cells CELLS [CELLS ...]]
                               --out_dir OUT_DIR [--log_every LOG_EVERY]
                               [--gsaca_warmup GSACA_WARMUP]
                               [--gate_trust_threshold GATE_TRUST_THRESHOLD]
                               [--gate_ema_alpha GATE_EMA_ALPHA]
                               [--atom_warmup ATOM_WARMUP]
                               [--payoff_noise_std PAYOFF_NOISE_STD]
                               [--role_asymmetric_hint] [--history_split_hint]
                               [--adaptive_intervention]
                               [--adaptive_interv_threshold ADAPTIVE_INTERV_THRESHOLD]
                               [--abstain_tau ABSTAIN_TAU]
                               [--models_het MODELS_HET MODELS_HET]
                               [--model_homo MODEL_HOMO] [--force]
run_experiment_local.py: error: argument --models_het: expected 2 arguments
usage: run_experiment_local.py [-h] [--games GAMES [GAMES ...]]
                               [--seeds SEEDS [SEEDS ...]]
                               [--episodes EPISODES] [--horizon HORIZON]
                               [--memory MEMORY] [--cells CELLS [CELLS ...]]
                               --out_dir OUT_DIR [--log_every LOG_EVERY]
                               [--gsaca_warmup GSACA_WARMUP]
                               [--gate_trust_threshold GATE_TRUST_THRESHOLD]
                               [--gate_ema_alpha GATE_EMA_ALPHA]
                               [--atom_warmup ATOM_WARMUP]
                               [--payoff_noise_std PAYOFF_NOISE_STD]
                               [--role_asymmetric_hint] [--history_split_hint]
                               [--adaptive_intervention]
                               [--adaptive_interv_threshold ADAPTIVE_INTERV_THRESHOLD]
                               [--abstain_tau ABSTAIN_TAU]
                               [--models_het MODELS_HET MODELS_HET]
                               [--model_homo MODEL_HOMO] [--force]
run_experiment_local.py: error: argument --models_het: expected 2 arguments
usage: run_experiment_local.py [-h] [--games GAMES [GAMES ...]]
                               [--seeds SEEDS [SEEDS ...]]
                               [--episodes EPISODES] [--horizon HORIZON]
                               [--memory MEMORY] [--cells CELLS [CELLS ...]]
                               --out_dir OUT_DIR [--log_every LOG_EVERY]
                               [--gsaca_warmup GSACA_WARMUP]
                               [--gate_trust_threshold GATE_TRUST_THRESHOLD]
                               [--gate_ema_alpha GATE_EMA_ALPHA]
                               [--atom_warmup ATOM_WARMUP]
                               [--payoff_noise_std PAYOFF_NOISE_STD]
                               [--role_asymmetric_hint] [--history_split_hint]
                               [--adaptive_intervention]
                               [--adaptive_interv_threshold ADAPTIVE_INTERV_THRESHOLD]
                               [--abstain_tau ABSTAIN_TAU]
                               [--models_het MODELS_HET MODELS_HET]
                               [--model_homo MODEL_HOMO] [--force]
run_experiment_local.py: error: argument --models_het: expected 2 arguments
DONE_GPU3b
