=========================================================
  EXPERIMENT MONITOR STARTED 2026-07-15 13:02:50
=========================================================

======== ROUND 1 — 13:02:50 ========
[PROC] Running experiments: 7 process(es)
[GPU]
  GPU 0, 92 %, 26382 MiB
  GPU 1, 92 %, 26382 MiB
  GPU 2, 92 %, 26382 MiB
  GPU 3, 18 %, 13191 MiB
[PROC STATUS]
  PID 40070 [03:02] game=public_goods seeds=49 50 51 
  PID 40071 [03:02] game=public_goods seeds=53 54 
  PID 40072 [03:02] game=public_goods seeds=55 56 
  PID 40073 [03:02] game=public_goods seeds=57 58 
  PID 40074 [03:02] game=public_goods seeds=59 60 
  PID 40075 [03:02] game=public_goods seeds=61 
  PID 40076 [03:02] game=chicken seeds=45 46 
[LATEST LOGS]
  pg_gpu0_a.log:   [run]  het_gated_atom_talk @ 20ep ...
  pg_gpu0_b.log:   [run]  het_gated_atom_talk @ 20ep ...
  pg_gpu1_a.log:   [run]  het_gated_atom_talk @ 20ep ...
  pg_gpu1_b.log:   [run]  het_gated_atom_talk @ 20ep ...
  pg_gpu2_a.log:   [run]  het_gated_atom_talk @ 20ep ...
  pg_gpu2_b.log:   [run]  het_gated_atom_talk @ 20ep ...
[PG COMPLETION]
  public_goods remaining seeds 49-61: 10 cells done / 48 target (out of 12 seeds × 4 cells)
  warmup_10: 8 / 10 cells done

======== ROUND 2 — 13:12:51 ========
[PROC] Running experiments: 7 process(es)
[GPU]
  GPU 0, 93 %, 26382 MiB
  GPU 1, 92 %, 26382 MiB
  GPU 2, 93 %, 26382 MiB
  GPU 3, 20 %, 13191 MiB
[PROC STATUS]
  PID 40070 [13:03] game=public_goods seeds=49 50 51 
  PID 40071 [13:03] game=public_goods seeds=53 54 
  PID 40072 [13:03] game=public_goods seeds=55 56 
  PID 40073 [13:03] game=public_goods seeds=57 58 
  PID 40074 [13:03] game=public_goods seeds=59 60 
  PID 40075 [13:03] game=public_goods seeds=61 
  PID 40076 [13:03] game=chicken seeds=45 46 
[LATEST LOGS]
  pg_gpu0_a.log:   [run]  het_gated_atom_talk @ 20ep ...
  pg_gpu0_b.log:   [run]  het_gated_atom_talk @ 20ep ...
  pg_gpu1_a.log:   [run]  het_gated_atom_talk @ 20ep ...
  pg_gpu1_b.log:   [run]  het_gated_atom_talk @ 20ep ...
  pg_gpu2_a.log:   [run]  het_gated_atom_talk @ 20ep ...
  pg_gpu2_b.log:   [run]  het_gated_atom_talk @ 20ep ...
  warmup10_final.log:   [het_gsaca] ep 20/30 (282s)
[PG COMPLETION]
  public_goods remaining seeds 49-61: 10 cells done / 48 target (out of 12 seeds × 4 cells)
  warmup_10: 9 / 10 cells done

======== ROUND 3 — 13:22:51 ========
[PROC] Running experiments: 6 process(es)
[GPU]
  GPU 0, 93 %, 26382 MiB
  GPU 1, 93 %, 26382 MiB
  GPU 2, 93 %, 26382 MiB
  GPU 3, 0 %, 0 MiB
[PROC STATUS]
  PID 40070 [23:03] game=public_goods seeds=49 50 51 
  PID 40071 [23:03] game=public_goods seeds=53 54 
  PID 40072 [23:03] game=public_goods seeds=55 56 
  PID 40073 [23:03] game=public_goods seeds=57 58 
  PID 40074 [23:03] game=public_goods seeds=59 60 
  PID 40075 [23:03] game=public_goods seeds=61 
[LATEST LOGS]
  pg_gpu0_a.log:   [run]  het_gated_atom_talk @ 20ep ...
  pg_gpu0_b.log:   [run]  het_gated_atom_talk @ 20ep ...
  pg_gpu1_a.log:   [run]  het_gated_atom_talk @ 20ep ...
  pg_gpu1_b.log:   [run]  het_gated_atom_talk @ 20ep ...
  pg_gpu2_a.log:   [run]  het_gated_atom_talk @ 20ep ...
  pg_gpu2_b.log:   [run]  het_gated_atom_talk @ 20ep ...
  warmup10_final.log: ============================================================
[PG COMPLETION]
  public_goods remaining seeds 49-61: 10 cells done / 48 target (out of 12 seeds × 4 cells)
  warmup_10: 10 / 10 cells done

======== ROUND 4 — 13:32:51 ========
[PROC] Running experiments: 6 process(es)
[GPU]
  GPU 0, 92 %, 26382 MiB
  GPU 1, 93 %, 26382 MiB
  GPU 2, 93 %, 26382 MiB
  GPU 3, 0 %, 0 MiB
[PROC STATUS]
  PID 40070 [33:03] game=public_goods seeds=49 50 51 
  PID 40071 [33:03] game=public_goods seeds=53 54 
  PID 40072 [33:03] game=public_goods seeds=55 56 
  PID 40073 [33:03] game=public_goods seeds=57 58 
  PID 40074 [33:03] game=public_goods seeds=59 60 
  PID 40075 [33:03] game=public_goods seeds=61 
[LATEST LOGS]
  pg_gpu0_a.log:   [het_gated_atom_talk] ep 10/20 (1402s)
  pg_gpu0_b.log:   [het_gated_atom_talk] ep 10/20 (1436s)
  pg_gpu1_a.log:   [het_gated_atom_talk] ep 10/20 (1380s)
  pg_gpu1_b.log:   [het_gated_atom_talk] ep 10/20 (1501s)
  pg_gpu2_a.log:   [het_gated_atom_talk] ep 10/20 (1395s)
  pg_gpu2_b.log:   [het_gated_atom_talk] ep 10/20 (1440s)
  warmup10_final.log: ============================================================
[PG COMPLETION]
  public_goods remaining seeds 49-61: 10 cells done / 48 target (out of 12 seeds × 4 cells)
  warmup_10: 10 / 10 cells done

======== ROUND 5 — 13:42:52 ========
[PROC] Running experiments: 6 process(es)
[GPU]
  GPU 0, 92 %, 26382 MiB
  GPU 1, 91 %, 26382 MiB
  GPU 2, 92 %, 26382 MiB
  GPU 3, 0 %, 0 MiB
[PROC STATUS]
  PID 40070 [43:04] game=public_goods seeds=49 50 51 
  PID 40071 [43:04] game=public_goods seeds=53 54 
  PID 40072 [43:04] game=public_goods seeds=55 56 
  PID 40073 [43:04] game=public_goods seeds=57 58 
  PID 40074 [43:04] game=public_goods seeds=59 60 
  PID 40075 [43:04] game=public_goods seeds=61 
[LATEST LOGS]
  pg_gpu0_a.log:   [het_gated_atom_talk] ep 10/20 (1402s)
  pg_gpu0_b.log:   [het_gated_atom_talk] ep 10/20 (1436s)
  pg_gpu1_a.log:   [het_gated_atom_talk] ep 10/20 (1380s)
  pg_gpu1_b.log:   [het_gated_atom_talk] ep 10/20 (1501s)
  pg_gpu2_a.log:   [het_gated_atom_talk] ep 10/20 (1395s)
  pg_gpu2_b.log:   [het_gated_atom_talk] ep 10/20 (1440s)
  warmup10_final.log: ============================================================
[PG COMPLETION]
  public_goods remaining seeds 49-61: 10 cells done / 48 target (out of 12 seeds × 4 cells)
  warmup_10: 10 / 10 cells done

======== ROUND 6 — 13:52:52 ========
[PROC] Running experiments: 6 process(es)
[GPU]
  GPU 0, 94 %, 26382 MiB
  GPU 1, 93 %, 26382 MiB
  GPU 2, 93 %, 26382 MiB
  GPU 3, 0 %, 0 MiB
[PROC STATUS]
  PID 40070 [53:04] game=public_goods seeds=49 50 51 
  PID 40071 [53:04] game=public_goods seeds=53 54 
  PID 40072 [53:04] game=public_goods seeds=55 56 
  PID 40073 [53:04] game=public_goods seeds=57 58 
  PID 40074 [53:04] game=public_goods seeds=59 60 
  PID 40075 [53:04] game=public_goods seeds=61 
[LATEST LOGS]
  pg_gpu0_a.log:   [run]  het_dp_gated_atom_talk @ 20ep ...
  pg_gpu0_b.log:   [run]  het_dp_gated_atom_talk @ 20ep ...
  pg_gpu1_a.log:   [run]  het_dp_gated_atom_talk @ 20ep ...
  pg_gpu1_b.log:   [run]  het_dp_gated_atom_talk @ 20ep ...
  pg_gpu2_a.log:   [run]  het_dp_gated_atom_talk @ 20ep ...
  pg_gpu2_b.log:   [run]  het_dp_gated_atom_talk @ 20ep ...
  warmup10_final.log: ============================================================
[PG COMPLETION]
  public_goods remaining seeds 49-61: 16 cells done / 48 target (out of 12 seeds × 4 cells)
  warmup_10: 10 / 10 cells done

======== ROUND 7 — 14:02:52 ========
[PROC] Running experiments: 6 process(es)
[GPU]
  GPU 0, 92 %, 26382 MiB
  GPU 1, 92 %, 26382 MiB
  GPU 2, 96 %, 26382 MiB
  GPU 3, 0 %, 0 MiB
[PROC STATUS]
  PID 40070 [01:03:04] game=public_goods seeds=49 50 51 
  PID 40071 [01:03:04] game=public_goods seeds=53 54 
  PID 40072 [01:03:04] game=public_goods seeds=55 56 
  PID 40073 [01:03:04] game=public_goods seeds=57 58 
  PID 40074 [01:03:04] game=public_goods seeds=59 60 
  PID 40075 [01:03:04] game=public_goods seeds=61 
[LATEST LOGS]
  pg_gpu0_a.log:   [run]  het_dp_gated_atom_talk @ 20ep ...
  pg_gpu0_b.log:   [run]  het_dp_gated_atom_talk @ 20ep ...
  pg_gpu1_a.log:   [run]  het_dp_gated_atom_talk @ 20ep ...
  pg_gpu1_b.log:   [run]  het_dp_gated_atom_talk @ 20ep ...
  pg_gpu2_a.log:   [run]  het_dp_gated_atom_talk @ 20ep ...
  pg_gpu2_b.log:   [run]  het_dp_gated_atom_talk @ 20ep ...
  warmup10_final.log: ============================================================
[PG COMPLETION]
  public_goods remaining seeds 49-61: 16 cells done / 48 target (out of 12 seeds × 4 cells)
  warmup_10: 10 / 10 cells done

======== ROUND 8 — 14:12:52 ========
[PROC] Running experiments: 6 process(es)
[GPU]
  GPU 0, 92 %, 26382 MiB
  GPU 1, 93 %, 26382 MiB
  GPU 2, 91 %, 26382 MiB
  GPU 3, 0 %, 0 MiB
[PROC STATUS]
  PID 40070 [01:13:04] game=public_goods seeds=49 50 51 
  PID 40071 [01:13:04] game=public_goods seeds=53 54 
  PID 40072 [01:13:04] game=public_goods seeds=55 56 
  PID 40073 [01:13:04] game=public_goods seeds=57 58 
  PID 40074 [01:13:04] game=public_goods seeds=59 60 
  PID 40075 [01:13:04] game=public_goods seeds=61 
[LATEST LOGS]
  pg_gpu0_a.log:   [het_dp_gated_atom_talk] ep 10/20 (1388s)
  pg_gpu0_b.log:   [het_dp_gated_atom_talk] ep 10/20 (1372s)
  pg_gpu1_a.log:   [het_dp_gated_atom_talk] ep 10/20 (1347s)
  pg_gpu1_b.log:   [run]  het_dp_gated_atom_talk @ 20ep ...
  pg_gpu2_a.log:   [het_dp_gated_atom_talk] ep 10/20 (1385s)
  pg_gpu2_b.log:   [het_dp_gated_atom_talk] ep 10/20 (1396s)
  warmup10_final.log: ============================================================
[PG COMPLETION]
  public_goods remaining seeds 49-61: 16 cells done / 48 target (out of 12 seeds × 4 cells)
  warmup_10: 10 / 10 cells done

======== ROUND 9 — 14:22:53 ========
[PROC] Running experiments: 6 process(es)
[GPU]
  GPU 0, 92 %, 26382 MiB
  GPU 1, 92 %, 26382 MiB
  GPU 2, 94 %, 26382 MiB
  GPU 3, 0 %, 0 MiB
[PROC STATUS]
  PID 40070 [01:23:05] game=public_goods seeds=49 50 51 
  PID 40071 [01:23:05] game=public_goods seeds=53 54 
  PID 40072 [01:23:05] game=public_goods seeds=55 56 
  PID 40073 [01:23:05] game=public_goods seeds=57 58 
  PID 40074 [01:23:05] game=public_goods seeds=59 60 
  PID 40075 [01:23:05] game=public_goods seeds=61 
[LATEST LOGS]
  pg_gpu0_a.log:   [het_dp_gated_atom_talk] ep 10/20 (1388s)
  pg_gpu0_b.log:   [het_dp_gated_atom_talk] ep 10/20 (1372s)
  pg_gpu1_a.log:   [het_dp_gated_atom_talk] ep 10/20 (1347s)
  pg_gpu1_b.log:   [het_dp_gated_atom_talk] ep 10/20 (1420s)
  pg_gpu2_a.log:   [het_dp_gated_atom_talk] ep 10/20 (1385s)
  pg_gpu2_b.log:   [het_dp_gated_atom_talk] ep 10/20 (1396s)
  warmup10_final.log: ============================================================
[PG COMPLETION]
  public_goods remaining seeds 49-61: 16 cells done / 48 target (out of 12 seeds × 4 cells)
  warmup_10: 10 / 10 cells done

======== ROUND 10 — 14:32:53 ========
[PROC] Running experiments: 6 process(es)
[GPU]
  GPU 0, 92 %, 26382 MiB
  GPU 1, 93 %, 26382 MiB
  GPU 2, 93 %, 26382 MiB
  GPU 3, 0 %, 0 MiB
[PROC STATUS]
  PID 40070 [01:33:05] game=public_goods seeds=49 50 51 
  PID 40071 [01:33:05] game=public_goods seeds=53 54 
  PID 40072 [01:33:05] game=public_goods seeds=55 56 
  PID 40073 [01:33:05] game=public_goods seeds=57 58 
  PID 40074 [01:33:05] game=public_goods seeds=59 60 
  PID 40075 [01:33:05] game=public_goods seeds=61 
[LATEST LOGS]
  pg_gpu0_a.log:   [run]  het_gsaca @ 20ep ...
  pg_gpu0_b.log:   [het_dp_gated_atom_talk] ep 10/20 (1372s)
  pg_gpu1_a.log:   [run]  het_gsaca @ 20ep ...
  pg_gpu1_b.log:   [het_dp_gated_atom_talk] ep 10/20 (1420s)
  pg_gpu2_a.log:   [het_dp_gated_atom_talk] ep 10/20 (1385s)
  pg_gpu2_b.log:   [het_dp_gated_atom_talk] ep 10/20 (1396s)
  warmup10_final.log: ============================================================
[PG COMPLETION]
  public_goods remaining seeds 49-61: 18 cells done / 48 target (out of 12 seeds × 4 cells)
  warmup_10: 10 / 10 cells done

======== ROUND 11 — 14:42:53 ========
[PROC] Running experiments: 6 process(es)
[GPU]
  GPU 0, 92 %, 26390 MiB
  GPU 1, 93 %, 26386 MiB
  GPU 2, 93 %, 26386 MiB
  GPU 3, 0 %, 0 MiB
[PROC STATUS]
  PID 40070 [01:43:05] game=public_goods seeds=49 50 51 
  PID 40071 [01:43:05] game=public_goods seeds=53 54 
  PID 40072 [01:43:05] game=public_goods seeds=55 56 
  PID 40073 [01:43:05] game=public_goods seeds=57 58 
  PID 40074 [01:43:05] game=public_goods seeds=59 60 
  PID 40075 [01:43:05] game=public_goods seeds=61 
[LATEST LOGS]
  pg_gpu0_a.log:   [run]  het_gsaca @ 20ep ...
  pg_gpu0_b.log:   [run]  het_gsaca @ 20ep ...
  pg_gpu1_a.log:   [run]  het_gsaca @ 20ep ...
  pg_gpu1_b.log:   [run]  het_gsaca @ 20ep ...
  pg_gpu2_a.log:   [run]  het_gsaca @ 20ep ...
  pg_gpu2_b.log:   [run]  het_gsaca @ 20ep ...
  warmup10_final.log: ============================================================
[PG COMPLETION]
  public_goods remaining seeds 49-61: 22 cells done / 48 target (out of 12 seeds × 4 cells)
  warmup_10: 10 / 10 cells done

======== ROUND 12 — 14:52:53 ========
[PROC] Running experiments: 6 process(es)
[GPU]
  GPU 0, 91 %, 26390 MiB
  GPU 1, 93 %, 26390 MiB
  GPU 2, 93 %, 26390 MiB
  GPU 3, 0 %, 0 MiB
[PROC STATUS]
  PID 40070 [01:53:05] game=public_goods seeds=49 50 51 
  PID 40071 [01:53:05] game=public_goods seeds=53 54 
  PID 40072 [01:53:05] game=public_goods seeds=55 56 
  PID 40073 [01:53:05] game=public_goods seeds=57 58 
  PID 40074 [01:53:05] game=public_goods seeds=59 60 
  PID 40075 [01:53:06] game=public_goods seeds=61 
[LATEST LOGS]
  pg_gpu0_a.log:   [het_gsaca] ep 10/20 (1235s)
  pg_gpu0_b.log:   [run]  het_gsaca @ 20ep ...
  pg_gpu1_a.log:   [run]  het_gsaca @ 20ep ...
  pg_gpu1_b.log:   [run]  het_gsaca @ 20ep ...
  pg_gpu2_a.log:   [run]  het_gsaca @ 20ep ...
  pg_gpu2_b.log:   [run]  het_gsaca @ 20ep ...
  warmup10_final.log: ============================================================
[PG COMPLETION]
  public_goods remaining seeds 49-61: 22 cells done / 48 target (out of 12 seeds × 4 cells)
  warmup_10: 10 / 10 cells done

======== ROUND 13 — 15:02:54 ========
[PROC] Running experiments: 6 process(es)
[GPU]
  GPU 0, 92 %, 26390 MiB
  GPU 1, 93 %, 26390 MiB
  GPU 2, 93 %, 26390 MiB
  GPU 3, 0 %, 0 MiB
[PROC STATUS]
  PID 40070 [02:03:06] game=public_goods seeds=49 50 51 
  PID 40071 [02:03:06] game=public_goods seeds=53 54 
  PID 40072 [02:03:06] game=public_goods seeds=55 56 
  PID 40073 [02:03:06] game=public_goods seeds=57 58 
  PID 40074 [02:03:06] game=public_goods seeds=59 60 
  PID 40075 [02:03:06] game=public_goods seeds=61 
[LATEST LOGS]
  pg_gpu0_a.log:   [het_gsaca] ep 10/20 (1235s)
  pg_gpu0_b.log:   [het_gsaca] ep 10/20 (1439s)
  pg_gpu1_a.log:   [het_gsaca] ep 10/20 (1471s)
  pg_gpu1_b.log:   [het_gsaca] ep 10/20 (1293s)
  pg_gpu2_a.log:   [het_gsaca] ep 10/20 (1216s)
  pg_gpu2_b.log:   [het_gsaca] ep 10/20 (1279s)
  warmup10_final.log: ============================================================
[PG COMPLETION]
  public_goods remaining seeds 49-61: 22 cells done / 48 target (out of 12 seeds × 4 cells)
  warmup_10: 10 / 10 cells done

======== ROUND 14 — 15:12:54 ========
[PROC] Running experiments: 6 process(es)
[GPU]
  GPU 0, 92 %, 26390 MiB
  GPU 1, 92 %, 26390 MiB
  GPU 2, 93 %, 26390 MiB
  GPU 3, 0 %, 0 MiB
[PROC STATUS]
  PID 40070 [02:13:06] game=public_goods seeds=49 50 51 
  PID 40071 [02:13:06] game=public_goods seeds=53 54 
  PID 40072 [02:13:06] game=public_goods seeds=55 56 
  PID 40073 [02:13:06] game=public_goods seeds=57 58 
  PID 40074 [02:13:06] game=public_goods seeds=59 60 
  PID 40075 [02:13:06] game=public_goods seeds=61 
[LATEST LOGS]
  pg_gpu0_a.log:   [het_notom] ep 10/20 (37s)
  pg_gpu0_b.log:   [het_gsaca] ep 10/20 (1439s)
  pg_gpu1_a.log:   [het_gsaca] ep 10/20 (1471s)
  pg_gpu1_b.log:   [het_gsaca] ep 10/20 (1293s)
  pg_gpu2_a.log:   [het_gsaca] ep 10/20 (1216s)
  pg_gpu2_b.log:   [het_gsaca] ep 10/20 (1279s)
  warmup10_final.log: ============================================================
[PG COMPLETION]
  public_goods remaining seeds 49-61: 23 cells done / 48 target (out of 12 seeds × 4 cells)
  warmup_10: 10 / 10 cells done

======== ROUND 15 — 15:22:54 ========
[PROC] Running experiments: 5 process(es)
[GPU]
  GPU 0, 92 %, 26390 MiB
  GPU 1, 93 %, 26390 MiB
  GPU 2, 18 %, 13197 MiB
  GPU 3, 0 %, 0 MiB
[PROC STATUS]
  PID 40070 [02:23:06] game=public_goods seeds=49 50 51 
  PID 40071 [02:23:06] game=public_goods seeds=53 54 
  PID 40072 [02:23:06] game=public_goods seeds=55 56 
  PID 40073 [02:23:06] game=public_goods seeds=57 58 
  PID 40074 [02:23:06] game=public_goods seeds=59 60 
[LATEST LOGS]
  pg_gpu0_a.log:   [run]  het_gated_atom_talk @ 20ep ...
  pg_gpu0_b.log:   [run]  het_gated_atom_talk @ 20ep ...
  pg_gpu1_a.log:   [run]  het_gated_atom_talk @ 20ep ...
  pg_gpu1_b.log:   [run]  het_gated_atom_talk @ 20ep ...
  pg_gpu2_a.log:   [run]  het_gated_atom_talk @ 20ep ...
  pg_gpu2_b.log: ============================================================
  warmup10_final.log: ============================================================
[PG COMPLETION]
  public_goods remaining seeds 49-61: 33 cells done / 48 target (out of 12 seeds × 4 cells)
  warmup_10: 10 / 10 cells done

======== ROUND 16 — 15:32:55 ========
[PROC] Running experiments: 5 process(es)
[GPU]
  GPU 0, 96 %, 26390 MiB
  GPU 1, 91 %, 26390 MiB
  GPU 2, 19 %, 13197 MiB
  GPU 3, 0 %, 0 MiB
[PROC STATUS]
  PID 40070 [02:33:07] game=public_goods seeds=49 50 51 
  PID 40071 [02:33:07] game=public_goods seeds=53 54 
  PID 40072 [02:33:07] game=public_goods seeds=55 56 
  PID 40073 [02:33:07] game=public_goods seeds=57 58 
  PID 40074 [02:33:07] game=public_goods seeds=59 60 
[LATEST LOGS]
  pg_gpu0_a.log:   [run]  het_gated_atom_talk @ 20ep ...
  pg_gpu0_b.log:   [run]  het_gated_atom_talk @ 20ep ...
  pg_gpu1_a.log:   [run]  het_gated_atom_talk @ 20ep ...
  pg_gpu1_b.log:   [run]  het_gated_atom_talk @ 20ep ...
  pg_gpu2_a.log:   [run]  het_gated_atom_talk @ 20ep ...
  pg_gpu2_b.log: ============================================================
  warmup10_final.log: ============================================================
[PG COMPLETION]
  public_goods remaining seeds 49-61: 33 cells done / 48 target (out of 12 seeds × 4 cells)
  warmup_10: 10 / 10 cells done

======== ROUND 17 — 15:42:55 ========
[PROC] Running experiments: 5 process(es)
[GPU]
  GPU 0, 92 %, 26390 MiB
  GPU 1, 93 %, 26390 MiB
  GPU 2, 20 %, 13197 MiB
  GPU 3, 0 %, 0 MiB
[PROC STATUS]
  PID 40070 [02:43:07] game=public_goods seeds=49 50 51 
  PID 40071 [02:43:07] game=public_goods seeds=53 54 
  PID 40072 [02:43:07] game=public_goods seeds=55 56 
  PID 40073 [02:43:07] game=public_goods seeds=57 58 
  PID 40074 [02:43:07] game=public_goods seeds=59 60 
[LATEST LOGS]
  pg_gpu0_a.log:   [het_gated_atom_talk] ep 10/20 (1350s)
  pg_gpu0_b.log:   [run]  het_gated_atom_talk @ 20ep ...
  pg_gpu1_a.log:   [run]  het_gated_atom_talk @ 20ep ...
  pg_gpu1_b.log:   [run]  het_gated_atom_talk @ 20ep ...
  pg_gpu2_a.log:   [het_gated_atom_talk] ep 10/20 (1377s)
  pg_gpu2_b.log: ============================================================
  warmup10_final.log: ============================================================
[PG COMPLETION]
  public_goods remaining seeds 49-61: 33 cells done / 48 target (out of 12 seeds × 4 cells)
  warmup_10: 10 / 10 cells done

======== ROUND 18 — 15:52:55 ========
[PROC] Running experiments: 5 process(es)
[GPU]
  GPU 0, 93 %, 26390 MiB
  GPU 1, 93 %, 26390 MiB
  GPU 2, 18 %, 13197 MiB
  GPU 3, 0 %, 0 MiB
[PROC STATUS]
  PID 40070 [02:53:07] game=public_goods seeds=49 50 51 
  PID 40071 [02:53:07] game=public_goods seeds=53 54 
  PID 40072 [02:53:07] game=public_goods seeds=55 56 
  PID 40073 [02:53:07] game=public_goods seeds=57 58 
  PID 40074 [02:53:07] game=public_goods seeds=59 60 
[LATEST LOGS]
  pg_gpu0_a.log:   [het_gated_atom_talk] ep 10/20 (1350s)
  pg_gpu0_b.log:   [het_gated_atom_talk] ep 10/20 (1443s)
  pg_gpu1_a.log:   [het_gated_atom_talk] ep 10/20 (1418s)
  pg_gpu1_b.log:   [het_gated_atom_talk] ep 10/20 (1417s)
  pg_gpu2_a.log:   [het_gated_atom_talk] ep 10/20 (1377s)
  pg_gpu2_b.log: ============================================================
  warmup10_final.log: ============================================================
[PG COMPLETION]
  public_goods remaining seeds 49-61: 33 cells done / 48 target (out of 12 seeds × 4 cells)
  warmup_10: 10 / 10 cells done

======== ROUND 19 — 16:02:55 ========
[PROC] Running experiments: 5 process(es)
[GPU]
  GPU 0, 93 %, 26390 MiB
  GPU 1, 93 %, 26390 MiB
  GPU 2, 20 %, 13197 MiB
  GPU 3, 0 %, 0 MiB
[PROC STATUS]
  PID 40070 [03:03:07] game=public_goods seeds=49 50 51 
  PID 40071 [03:03:07] game=public_goods seeds=53 54 
  PID 40072 [03:03:07] game=public_goods seeds=55 56 
  PID 40073 [03:03:07] game=public_goods seeds=57 58 
  PID 40074 [03:03:07] game=public_goods seeds=59 60 
[LATEST LOGS]
  pg_gpu0_a.log:   [run]  het_dp_gated_atom_talk @ 20ep ...
  pg_gpu0_b.log:   [het_gated_atom_talk] ep 10/20 (1443s)
  pg_gpu1_a.log:   [het_gated_atom_talk] ep 10/20 (1418s)
  pg_gpu1_b.log:   [het_gated_atom_talk] ep 10/20 (1417s)
  pg_gpu2_a.log:   [het_gated_atom_talk] ep 10/20 (1377s)
  pg_gpu2_b.log: ============================================================
  warmup10_final.log: ============================================================
[PG COMPLETION]
  public_goods remaining seeds 49-61: 34 cells done / 48 target (out of 12 seeds × 4 cells)
  warmup_10: 10 / 10 cells done

======== ROUND 20 — 16:12:56 ========
[PROC] Running experiments: 5 process(es)
[GPU]
  GPU 0, 92 %, 26390 MiB
  GPU 1, 93 %, 26390 MiB
  GPU 2, 18 %, 13197 MiB
  GPU 3, 0 %, 0 MiB
[PROC STATUS]
  PID 40070 [03:13:08] game=public_goods seeds=49 50 51 
  PID 40071 [03:13:08] game=public_goods seeds=53 54 
  PID 40072 [03:13:08] game=public_goods seeds=55 56 
  PID 40073 [03:13:08] game=public_goods seeds=57 58 
  PID 40074 [03:13:08] game=public_goods seeds=59 60 
[LATEST LOGS]
  pg_gpu0_a.log:   [run]  het_dp_gated_atom_talk @ 20ep ...
  pg_gpu0_b.log:   [run]  het_dp_gated_atom_talk @ 20ep ...
  pg_gpu1_a.log:   [run]  het_dp_gated_atom_talk @ 20ep ...
  pg_gpu1_b.log:   [run]  het_dp_gated_atom_talk @ 20ep ...
  pg_gpu2_a.log:   [run]  het_dp_gated_atom_talk @ 20ep ...
  pg_gpu2_b.log: ============================================================
  warmup10_final.log: ============================================================
[PG COMPLETION]
  public_goods remaining seeds 49-61: 38 cells done / 48 target (out of 12 seeds × 4 cells)
  warmup_10: 10 / 10 cells done

======== ROUND 21 — 16:22:56 ========
[PROC] Running experiments: 5 process(es)
[GPU]
  GPU 0, 93 %, 26390 MiB
  GPU 1, 93 %, 26390 MiB
  GPU 2, 18 %, 13197 MiB
  GPU 3, 0 %, 0 MiB
[PROC STATUS]
  PID 40070 [03:23:08] game=public_goods seeds=49 50 51 
  PID 40071 [03:23:08] game=public_goods seeds=53 54 
  PID 40072 [03:23:08] game=public_goods seeds=55 56 
  PID 40073 [03:23:08] game=public_goods seeds=57 58 
  PID 40074 [03:23:08] game=public_goods seeds=59 60 
[LATEST LOGS]
  pg_gpu0_a.log:   [het_dp_gated_atom_talk] ep 10/20 (1415s)
  pg_gpu0_b.log:   [run]  het_dp_gated_atom_talk @ 20ep ...
  pg_gpu1_a.log:   [run]  het_dp_gated_atom_talk @ 20ep ...
  pg_gpu1_b.log:   [run]  het_dp_gated_atom_talk @ 20ep ...
  pg_gpu2_a.log:   [run]  het_dp_gated_atom_talk @ 20ep ...
  pg_gpu2_b.log: ============================================================
  warmup10_final.log: ============================================================
[PG COMPLETION]
  public_goods remaining seeds 49-61: 38 cells done / 48 target (out of 12 seeds × 4 cells)
  warmup_10: 10 / 10 cells done

======== ROUND 22 — 16:32:56 ========
[PROC] Running experiments: 5 process(es)
[GPU]
  GPU 0, 92 %, 26390 MiB
  GPU 1, 93 %, 26390 MiB
  GPU 2, 20 %, 13197 MiB
  GPU 3, 0 %, 0 MiB
[PROC STATUS]
  PID 40070 [03:33:08] game=public_goods seeds=49 50 51 
  PID 40071 [03:33:08] game=public_goods seeds=53 54 
  PID 40072 [03:33:08] game=public_goods seeds=55 56 
  PID 40073 [03:33:08] game=public_goods seeds=57 58 
  PID 40074 [03:33:08] game=public_goods seeds=59 60 
[LATEST LOGS]
  pg_gpu0_a.log:   [het_dp_gated_atom_talk] ep 10/20 (1415s)
  pg_gpu0_b.log:   [het_dp_gated_atom_talk] ep 10/20 (1405s)
  pg_gpu1_a.log:   [het_dp_gated_atom_talk] ep 10/20 (1473s)
  pg_gpu1_b.log:   [het_dp_gated_atom_talk] ep 10/20 (1319s)
  pg_gpu2_a.log:   [het_dp_gated_atom_talk] ep 10/20 (1404s)
  pg_gpu2_b.log: ============================================================
  warmup10_final.log: ============================================================
[PG COMPLETION]
  public_goods remaining seeds 49-61: 38 cells done / 48 target (out of 12 seeds × 4 cells)
  warmup_10: 10 / 10 cells done

======== ROUND 23 — 16:42:56 ========
[PROC] Running experiments: 5 process(es)
[GPU]
  GPU 0, 92 %, 26390 MiB
  GPU 1, 92 %, 26390 MiB
  GPU 2, 21 %, 13197 MiB
  GPU 3, 0 %, 0 MiB
[PROC STATUS]
  PID 40070 [03:43:08] game=public_goods seeds=49 50 51 
  PID 40071 [03:43:08] game=public_goods seeds=53 54 
  PID 40072 [03:43:08] game=public_goods seeds=55 56 
  PID 40073 [03:43:08] game=public_goods seeds=57 58 
  PID 40074 [03:43:08] game=public_goods seeds=59 60 
[LATEST LOGS]
  pg_gpu0_a.log:   [run]  het_gsaca @ 20ep ...
  pg_gpu0_b.log:   [het_dp_gated_atom_talk] ep 10/20 (1405s)
  pg_gpu1_a.log:   [het_dp_gated_atom_talk] ep 10/20 (1473s)
  pg_gpu1_b.log:   [het_dp_gated_atom_talk] ep 10/20 (1319s)
  pg_gpu2_a.log:   [het_dp_gated_atom_talk] ep 10/20 (1404s)
  pg_gpu2_b.log: ============================================================
  warmup10_final.log: ============================================================
[PG COMPLETION]
  public_goods remaining seeds 49-61: 39 cells done / 48 target (out of 12 seeds × 4 cells)
  warmup_10: 10 / 10 cells done

======== ROUND 24 — 16:52:57 ========
[PROC] Running experiments: 5 process(es)
[GPU]
  GPU 0, 92 %, 26390 MiB
  GPU 1, 93 %, 26390 MiB
  GPU 2, 57 %, 13197 MiB
  GPU 3, 0 %, 0 MiB
[PROC STATUS]
  PID 40070 [03:53:09] game=public_goods seeds=49 50 51 
  PID 40071 [03:53:09] game=public_goods seeds=53 54 
  PID 40072 [03:53:09] game=public_goods seeds=55 56 
  PID 40073 [03:53:09] game=public_goods seeds=57 58 
  PID 40074 [03:53:09] game=public_goods seeds=59 60 
[LATEST LOGS]
  pg_gpu0_a.log:   [run]  het_gsaca @ 20ep ...
  pg_gpu0_b.log:   [het_dp_gated_atom_talk] ep 10/20 (1405s)
  pg_gpu1_a.log:   [het_dp_gated_atom_talk] ep 10/20 (1473s)
  pg_gpu1_b.log:   [run]  het_gsaca @ 20ep ...
  pg_gpu2_a.log:   [run]  het_gsaca @ 20ep ...
  pg_gpu2_b.log: ============================================================
  warmup10_final.log: ============================================================
[PG COMPLETION]
  public_goods remaining seeds 49-61: 41 cells done / 48 target (out of 12 seeds × 4 cells)
  warmup_10: 10 / 10 cells done

======== ROUND 25 — 17:02:57 ========
[PROC] Running experiments: 5 process(es)
[GPU]
  GPU 0, 91 %, 26390 MiB
  GPU 1, 93 %, 26390 MiB
  GPU 2, 18 %, 13197 MiB
  GPU 3, 0 %, 0 MiB
[PROC STATUS]
  PID 40070 [04:03:09] game=public_goods seeds=49 50 51 
  PID 40071 [04:03:09] game=public_goods seeds=53 54 
  PID 40072 [04:03:09] game=public_goods seeds=55 56 
  PID 40073 [04:03:09] game=public_goods seeds=57 58 
  PID 40074 [04:03:09] game=public_goods seeds=59 60 
[LATEST LOGS]
  pg_gpu0_a.log:   [run]  het_gsaca @ 20ep ...
  pg_gpu0_b.log:   [run]  het_gsaca @ 20ep ...
  pg_gpu1_a.log:   [run]  het_gsaca @ 20ep ...
  pg_gpu1_b.log:   [run]  het_gsaca @ 20ep ...
  pg_gpu2_a.log:   [run]  het_gsaca @ 20ep ...
  pg_gpu2_b.log: ============================================================
  warmup10_final.log: ============================================================
[PG COMPLETION]
  public_goods remaining seeds 49-61: 43 cells done / 48 target (out of 12 seeds × 4 cells)
  warmup_10: 10 / 10 cells done
