{
  "schema_version": 1,
  "reference": "/data/aaai/s1_reference/g123_augmentation/v2_results/exp_s1_safe_sca_test",
  "replay": "/data/aaai/safe_sca_replication/g123_augmentation/v2_results_r0/exp_r0_safe_sca_test",
  "games": [
    "chicken",
    "deadlock",
    "hawk_dove",
    "stag_hunt",
    "battle_of_the_sexes",
    "public_goods"
  ],
  "seeds": [
    62,
    63
  ],
  "cells": [
    "het_notom",
    "het_gated_atom_talk",
    "het_gsaca",
    "het_point_sca",
    "het_safe_sca",
    "het_oracle_sca"
  ],
  "expected_rows": 72,
  "compared_rows": 72,
  "payoff_tolerance": 0.0,
  "route_mismatch_budget": 0,
  "max_abs_payoff_difference": 0.20000000000000018,
  "payoff_violations": 55,
  "route_mismatches": 0,
  "errors": [],
  "complete": true,
  "passed": false
}
[wrote] /data/aaai/safe_sca_replication/g123_augmentation/v2_results_r0/exp_r0_safe_sca_test/R0_REPLAY_COMPARISON.json
R0 replay comparison failed; investigate before S2.
