{
  "campaign": "r0",
  "output": "/data/aaai/safe_sca_replication/g123_augmentation/v2_results_r0/exp_r0_safe_sca_test",
  "total_cells": 72,
  "completed_cells": 0,
  "pending_game_seed_tasks": 12,
  "workers": 24
}
[09:31:41] START chicken/seed_62 attempt=1 pid=11382 running=1 queued=11
[09:31:41] START chicken/seed_63 attempt=1 pid=11383 running=2 queued=10
[09:31:41] START deadlock/seed_62 attempt=1 pid=11384 running=3 queued=9
[09:31:41] START deadlock/seed_63 attempt=1 pid=11385 running=4 queued=8
[09:31:41] START hawk_dove/seed_62 attempt=1 pid=11386 running=5 queued=7
[09:31:41] START hawk_dove/seed_63 attempt=1 pid=11387 running=6 queued=6
[09:31:41] START stag_hunt/seed_62 attempt=1 pid=11388 running=7 queued=5
[09:31:41] START stag_hunt/seed_63 attempt=1 pid=11389 running=8 queued=4
[09:31:41] START battle_of_the_sexes/seed_62 attempt=1 pid=11390 running=9 queued=3
[09:31:41] START battle_of_the_sexes/seed_63 attempt=1 pid=11391 running=10 queued=2
[09:31:41] START public_goods/seed_62 attempt=1 pid=11392 running=11 queued=1
[09:31:41] START public_goods/seed_63 attempt=1 pid=11393 running=12 queued=0
[09:38:22] DONE chicken/seed_62 OK elapsed=401s cells=45/72 tasks_ok=1/12
[09:38:23] DONE chicken/seed_63 OK elapsed=402s cells=46/72 tasks_ok=2/12
[09:38:44] DONE hawk_dove/seed_63 OK elapsed=423s cells=47/72 tasks_ok=3/12
[09:38:58] DONE hawk_dove/seed_62 OK elapsed=437s cells=48/72 tasks_ok=4/12
[09:40:36] DONE deadlock/seed_62 OK elapsed=535s cells=56/72 tasks_ok=5/12
[09:40:36] DONE deadlock/seed_63 OK elapsed=535s cells=56/72 tasks_ok=6/12
[09:42:11] DONE stag_hunt/seed_63 OK elapsed=630s cells=57/72 tasks_ok=7/12
[09:42:52] DONE battle_of_the_sexes/seed_62 OK elapsed=671s cells=58/72 tasks_ok=8/12
[09:42:55] DONE stag_hunt/seed_62 OK elapsed=674s cells=60/72 tasks_ok=9/12
[09:42:58] DONE battle_of_the_sexes/seed_63 OK elapsed=677s cells=61/72 tasks_ok=10/12
[10:52:39] DONE public_goods/seed_63 OK elapsed=4858s cells=71/72 tasks_ok=11/12
[10:54:48] DONE public_goods/seed_62 OK elapsed=4987s cells=72/72 tasks_ok=12/12
{
  "campaign": "r0",
  "output": "/data/aaai/safe_sca_replication/g123_augmentation/v2_results_r0/exp_r0_safe_sca_test",
  "total_cells": 72,
  "completed_cells": 72,
  "complete": true,
  "wall_seconds": 4987.150875329971,
  "failures": [],
  "attempts": {
    "chicken/seed_62": 1,
    "chicken/seed_63": 1,
    "deadlock/seed_62": 1,
    "deadlock/seed_63": 1,
    "hawk_dove/seed_62": 1,
    "hawk_dove/seed_63": 1,
    "stag_hunt/seed_62": 1,
    "stag_hunt/seed_63": 1,
    "battle_of_the_sexes/seed_62": 1,
    "battle_of_the_sexes/seed_63": 1,
    "public_goods/seed_62": 1,
    "public_goods/seed_63": 1
  }
}
R0_EXIT_CODE=0
