{
  "campaign": "r0",
  "output": "/data/aaai/safe_sca_replication/g123_augmentation/v2_results_r0_diag/exp_r0_safe_sca_test",
  "total_cells": 72,
  "completed_cells": 0,
  "pending_game_seed_tasks": 12,
  "workers": 24
}
[14:06:35] START chicken/seed_62 attempt=1 pid=25499 running=1 queued=11
[14:06:35] START chicken/seed_63 attempt=1 pid=25500 running=2 queued=10
[14:06:35] START deadlock/seed_62 attempt=1 pid=25501 running=3 queued=9
[14:06:35] START deadlock/seed_63 attempt=1 pid=25502 running=4 queued=8
[14:06:35] START hawk_dove/seed_62 attempt=1 pid=25503 running=5 queued=7
[14:06:35] START hawk_dove/seed_63 attempt=1 pid=25504 running=6 queued=6
[14:06:35] START stag_hunt/seed_62 attempt=1 pid=25505 running=7 queued=5
[14:06:35] START stag_hunt/seed_63 attempt=1 pid=25506 running=8 queued=4
[14:06:35] START battle_of_the_sexes/seed_62 attempt=1 pid=25507 running=9 queued=3
[14:06:35] START battle_of_the_sexes/seed_63 attempt=1 pid=25508 running=10 queued=2
[14:06:35] START public_goods/seed_62 attempt=1 pid=25509 running=11 queued=1
[14:06:35] START public_goods/seed_63 attempt=1 pid=25510 running=12 queued=0
[14:12:57] DONE chicken/seed_62 OK elapsed=382s cells=45/72 tasks_ok=1/12
[14:13:13] DONE chicken/seed_63 OK elapsed=398s cells=47/72 tasks_ok=2/12
[14:13:13] DONE hawk_dove/seed_62 OK elapsed=398s cells=47/72 tasks_ok=3/12
[14:13:39] DONE hawk_dove/seed_63 OK elapsed=424s cells=48/72 tasks_ok=4/12
[14:14:45] DONE deadlock/seed_62 OK elapsed=490s cells=54/72 tasks_ok=5/12
[14:15:37] DONE deadlock/seed_63 OK elapsed=542s cells=56/72 tasks_ok=6/12
[14:16:56] DONE battle_of_the_sexes/seed_63 OK elapsed=621s cells=57/72 tasks_ok=7/12
[14:17:16] DONE stag_hunt/seed_63 OK elapsed=641s cells=58/72 tasks_ok=8/12
[14:17:36] DONE stag_hunt/seed_62 OK elapsed=661s cells=59/72 tasks_ok=9/12
[14:17:40] DONE battle_of_the_sexes/seed_62 OK elapsed=665s cells=60/72 tasks_ok=10/12
[14:18:34] DONE public_goods/seed_62 RETRY(rc=-9) elapsed=719s cells=60/72 tasks_ok=10/12
[14:18:34] DONE public_goods/seed_63 RETRY(rc=-9) elapsed=719s cells=60/72 tasks_ok=10/12
[14:18:34] START public_goods/seed_62 attempt=2 pid=26563 running=1 queued=1
[14:18:34] START public_goods/seed_63 attempt=2 pid=26564 running=2 queued=0
[14:24:46] DONE public_goods/seed_62 RETRY(rc=-9) elapsed=372s cells=60/72 tasks_ok=10/12
[14:24:46] DONE public_goods/seed_63 RETRY(rc=-9) elapsed=372s cells=60/72 tasks_ok=10/12
[14:24:46] START public_goods/seed_62 attempt=3 pid=28854 running=1 queued=1
[14:24:46] START public_goods/seed_63 attempt=3 pid=28855 running=2 queued=0
