{
  "campaign": "s2",
  "output": "/data/aaai/safe_sca_replication/g123_augmentation/v2_results_s2/exp_s2_safe_sca_test",
  "total_cells": 720,
  "completed_cells": 0,
  "pending_game_seed_tasks": 120,
  "workers": 32
}
[14:42:12] START chicken/seed_82 attempt=1 pid=30237 running=1 queued=119
[14:42:12] START chicken/seed_83 attempt=1 pid=30238 running=2 queued=118
[14:42:12] START chicken/seed_84 attempt=1 pid=30239 running=3 queued=117
[14:42:12] START chicken/seed_85 attempt=1 pid=30240 running=4 queued=116
[14:42:12] START chicken/seed_86 attempt=1 pid=30241 running=5 queued=115
[14:42:12] START chicken/seed_87 attempt=1 pid=30242 running=6 queued=114
[14:42:12] START chicken/seed_88 attempt=1 pid=30243 running=7 queued=113
[14:42:12] START chicken/seed_89 attempt=1 pid=30244 running=8 queued=112
[14:42:12] START chicken/seed_90 attempt=1 pid=30245 running=9 queued=111
[14:42:12] START chicken/seed_91 attempt=1 pid=30246 running=10 queued=110
[14:42:12] START chicken/seed_92 attempt=1 pid=30247 running=11 queued=109
[14:42:12] START chicken/seed_93 attempt=1 pid=30248 running=12 queued=108
[14:42:12] START chicken/seed_94 attempt=1 pid=30249 running=13 queued=107
[14:42:12] START chicken/seed_95 attempt=1 pid=30250 running=14 queued=106
[14:42:12] START chicken/seed_96 attempt=1 pid=30251 running=15 queued=105
[14:42:12] START chicken/seed_97 attempt=1 pid=30252 running=16 queued=104
[14:42:12] START chicken/seed_98 attempt=1 pid=30253 running=17 queued=103
[14:42:12] START chicken/seed_99 attempt=1 pid=30254 running=18 queued=102
[14:42:12] START chicken/seed_100 attempt=1 pid=30255 running=19 queued=101
[14:42:12] START chicken/seed_101 attempt=1 pid=30256 running=20 queued=100
[14:42:12] START deadlock/seed_82 attempt=1 pid=30257 running=21 queued=99
[14:42:12] START deadlock/seed_83 attempt=1 pid=30258 running=22 queued=98
[14:42:12] START deadlock/seed_84 attempt=1 pid=30259 running=23 queued=97
[14:42:12] START deadlock/seed_85 attempt=1 pid=30260 running=24 queued=96
[14:42:12] START deadlock/seed_86 attempt=1 pid=30261 running=25 queued=95
[14:42:12] START deadlock/seed_87 attempt=1 pid=30262 running=26 queued=94
[14:42:12] START deadlock/seed_88 attempt=1 pid=30263 running=27 queued=93
[14:42:12] START deadlock/seed_89 attempt=1 pid=30264 running=28 queued=92
[14:42:12] START deadlock/seed_90 attempt=1 pid=30265 running=29 queued=91
[14:42:12] START deadlock/seed_91 attempt=1 pid=30266 running=30 queued=90
[14:42:12] START deadlock/seed_92 attempt=1 pid=30267 running=31 queued=89
[14:42:12] START deadlock/seed_93 attempt=1 pid=30268 running=32 queued=88
[14:48:30] DONE chicken/seed_98 OK elapsed=378s cells=132/720 tasks_ok=1/120
[14:48:31] START deadlock/seed_94 attempt=1 pid=32564 running=32 queued=87
[14:48:37] DONE chicken/seed_100 OK elapsed=385s cells=140/720 tasks_ok=2/120
[14:48:38] START deadlock/seed_95 attempt=1 pid=32636 running=32 queued=86
[14:48:38] DONE chicken/seed_89 OK elapsed=386s cells=142/720 tasks_ok=3/120
[14:48:39] START deadlock/seed_96 attempt=1 pid=32700 running=32 queued=85
[14:48:39] DONE chicken/seed_94 OK elapsed=387s cells=143/720 tasks_ok=4/120
[14:48:40] START deadlock/seed_97 attempt=1 pid=32765 running=32 queued=84
[14:48:43] DONE chicken/seed_84 OK elapsed=391s cells=147/720 tasks_ok=5/120
[14:48:44] START deadlock/seed_98 attempt=1 pid=32831 running=32 queued=83
[14:48:46] DONE chicken/seed_91 OK elapsed=394s cells=148/720 tasks_ok=6/120
[14:48:47] START deadlock/seed_99 attempt=1 pid=32896 running=32 queued=82
[14:48:51] DONE chicken/seed_82 OK elapsed=400s cells=151/720 tasks_ok=7/120
[14:48:51] DONE chicken/seed_99 OK elapsed=400s cells=151/720 tasks_ok=8/120
[14:48:52] START deadlock/seed_100 attempt=1 pid=32961 running=31 queued=81
[14:48:52] START deadlock/seed_101 attempt=1 pid=32962 running=32 queued=80
[14:48:55] DONE chicken/seed_85 OK elapsed=404s cells=152/720 tasks_ok=9/120
[14:48:56] START hawk_dove/seed_82 attempt=1 pid=33091 running=32 queued=79
[14:48:56] DONE chicken/seed_86 OK elapsed=405s cells=154/720 tasks_ok=10/120
[14:48:57] START hawk_dove/seed_83 attempt=1 pid=33155 running=32 queued=78
[14:48:59] DONE chicken/seed_96 OK elapsed=408s cells=156/720 tasks_ok=11/120
[14:49:00] START hawk_dove/seed_84 attempt=1 pid=33221 running=32 queued=77
[14:49:02] DONE chicken/seed_101 OK elapsed=411s cells=158/720 tasks_ok=12/120
[14:49:03] START hawk_dove/seed_85 attempt=1 pid=33286 running=32 queued=76
[14:49:03] DONE chicken/seed_93 OK elapsed=412s cells=160/720 tasks_ok=13/120
[14:49:04] START hawk_dove/seed_86 attempt=1 pid=33350 running=32 queued=75
[14:49:05] DONE chicken/seed_88 OK elapsed=414s cells=162/720 tasks_ok=14/120
[14:49:06] START hawk_dove/seed_87 attempt=1 pid=33416 running=32 queued=74
[14:49:06] DONE chicken/seed_83 OK elapsed=415s cells=163/720 tasks_ok=15/120
[14:49:07] START hawk_dove/seed_88 attempt=1 pid=33480 running=32 queued=73
[14:49:19] DONE chicken/seed_92 OK elapsed=427s cells=167/720 tasks_ok=16/120
[14:49:20] START hawk_dove/seed_89 attempt=1 pid=33568 running=32 queued=72
[14:49:23] DONE chicken/seed_97 OK elapsed=431s cells=171/720 tasks_ok=17/120
[14:49:24] START hawk_dove/seed_90 attempt=1 pid=33633 running=32 queued=71
[14:49:26] DONE chicken/seed_95 OK elapsed=434s cells=173/720 tasks_ok=18/120
[14:49:27] START hawk_dove/seed_91 attempt=1 pid=33698 running=32 queued=70
[14:49:28] DONE chicken/seed_87 OK elapsed=436s cells=175/720 tasks_ok=19/120
[14:49:29] START hawk_dove/seed_92 attempt=1 pid=33763 running=32 queued=69
[14:49:35] DONE chicken/seed_90 OK elapsed=443s cells=178/720 tasks_ok=20/120
[14:49:36] START hawk_dove/seed_93 attempt=1 pid=33828 running=32 queued=68
[14:50:34] DONE deadlock/seed_86 OK elapsed=502s cells=207/720 tasks_ok=21/120
[14:50:35] START hawk_dove/seed_94 attempt=1 pid=33921 running=32 queued=67
[14:50:42] DONE deadlock/seed_87 OK elapsed=510s cells=210/720 tasks_ok=22/120
[14:50:43] START hawk_dove/seed_95 attempt=1 pid=33993 running=32 queued=66
[14:50:43] DONE deadlock/seed_89 OK elapsed=511s cells=211/720 tasks_ok=23/120
[14:50:44] START hawk_dove/seed_96 attempt=1 pid=34057 running=32 queued=65
[14:50:47] DONE deadlock/seed_83 OK elapsed=515s cells=215/720 tasks_ok=24/120
[14:50:47] DONE deadlock/seed_84 OK elapsed=515s cells=215/720 tasks_ok=25/120
[14:50:48] START hawk_dove/seed_97 attempt=1 pid=34123 running=31 queued=64
[14:50:48] START hawk_dove/seed_98 attempt=1 pid=34124 running=32 queued=63
[14:50:49] DONE deadlock/seed_85 OK elapsed=517s cells=216/720 tasks_ok=26/120
[14:50:50] START hawk_dove/seed_99 attempt=1 pid=34274 running=32 queued=62
[14:50:58] DONE deadlock/seed_93 OK elapsed=526s cells=218/720 tasks_ok=27/120
[14:50:59] START hawk_dove/seed_100 attempt=1 pid=34339 running=32 queued=61
[14:51:07] DONE deadlock/seed_91 OK elapsed=535s cells=222/720 tasks_ok=28/120
[14:51:08] START hawk_dove/seed_101 attempt=1 pid=34404 running=32 queued=60
[14:51:12] DONE deadlock/seed_92 OK elapsed=540s cells=225/720 tasks_ok=29/120
[14:51:13] START stag_hunt/seed_82 attempt=1 pid=34469 running=32 queued=59
[14:51:17] DONE deadlock/seed_90 OK elapsed=545s cells=227/720 tasks_ok=30/120
[14:51:18] START stag_hunt/seed_83 attempt=1 pid=34534 running=32 queued=58
[14:51:23] DONE deadlock/seed_82 OK elapsed=551s cells=231/720 tasks_ok=31/120
[14:51:24] START stag_hunt/seed_84 attempt=1 pid=34599 running=32 queued=57
[14:51:34] DONE deadlock/seed_88 OK elapsed=562s cells=235/720 tasks_ok=32/120
[14:51:35] START stag_hunt/seed_85 attempt=1 pid=34664 running=32 queued=56
[14:55:34] DONE hawk_dove/seed_85 OK elapsed=391s cells=317/720 tasks_ok=33/120
[14:55:35] START stag_hunt/seed_86 attempt=1 pid=34909 running=32 queued=55
[14:55:44] DONE hawk_dove/seed_84 OK elapsed=404s cells=319/720 tasks_ok=34/120
[14:55:45] START stag_hunt/seed_87 attempt=1 pid=34981 running=32 queued=54
[14:55:47] DONE hawk_dove/seed_83 OK elapsed=410s cells=320/720 tasks_ok=35/120
[14:55:48] START stag_hunt/seed_88 attempt=1 pid=35046 running=32 queued=53
[14:55:49] DONE hawk_dove/seed_88 OK elapsed=402s cells=321/720 tasks_ok=36/120
[14:55:50] START stag_hunt/seed_89 attempt=1 pid=35111 running=32 queued=52
[14:55:53] DONE hawk_dove/seed_82 OK elapsed=417s cells=325/720 tasks_ok=37/120
[14:55:54] START stag_hunt/seed_90 attempt=1 pid=35188 running=32 queued=51
[14:56:00] DONE hawk_dove/seed_86 OK elapsed=416s cells=327/720 tasks_ok=38/120
[14:56:01] START stag_hunt/seed_91 attempt=1 pid=35253 running=32 queued=50
[14:56:11] DONE hawk_dove/seed_92 OK elapsed=403s cells=329/720 tasks_ok=39/120
[14:56:12] START stag_hunt/seed_92 attempt=1 pid=35329 running=32 queued=49
[14:56:14] DONE hawk_dove/seed_90 OK elapsed=411s cells=331/720 tasks_ok=40/120
[14:56:14] DONE hawk_dove/seed_91 OK elapsed=408s cells=331/720 tasks_ok=41/120
[14:56:15] START stag_hunt/seed_93 attempt=1 pid=35394 running=31 queued=48
[14:56:15] START stag_hunt/seed_94 attempt=1 pid=35395 running=32 queued=47
[14:56:15] DONE hawk_dove/seed_87 OK elapsed=429s cells=332/720 tasks_ok=42/120
[14:56:16] START stag_hunt/seed_95 attempt=1 pid=35522 running=32 queued=46
[14:56:16] DONE hawk_dove/seed_89 OK elapsed=417s cells=333/720 tasks_ok=43/120
[14:56:17] START stag_hunt/seed_96 attempt=1 pid=35588 running=32 queued=45
[14:56:29] DONE hawk_dove/seed_93 OK elapsed=414s cells=337/720 tasks_ok=44/120
[14:56:30] START stag_hunt/seed_97 attempt=1 pid=35665 running=32 queued=44
[14:57:02] DONE deadlock/seed_94 OK elapsed=511s cells=350/720 tasks_ok=45/120
[14:57:03] START stag_hunt/seed_98 attempt=1 pid=35738 running=32 queued=43
[14:57:14] DONE deadlock/seed_95 OK elapsed=516s cells=355/720 tasks_ok=46/120
[14:57:15] START stag_hunt/seed_99 attempt=1 pid=35803 running=32 queued=42
[14:57:15] DONE deadlock/seed_100 OK elapsed=503s cells=357/720 tasks_ok=47/120
[14:57:16] START stag_hunt/seed_100 attempt=1 pid=35867 running=32 queued=41
[14:57:18] DONE deadlock/seed_101 OK elapsed=506s cells=358/720 tasks_ok=48/120
[14:57:19] START stag_hunt/seed_101 attempt=1 pid=35933 running=32 queued=40
[14:57:19] DONE hawk_dove/seed_94 OK elapsed=405s cells=359/720 tasks_ok=49/120
[14:57:20] START battle_of_the_sexes/seed_82 attempt=1 pid=35997 running=32 queued=39
[14:57:22] DONE deadlock/seed_97 OK elapsed=522s cells=363/720 tasks_ok=50/120
[14:57:22] DONE deadlock/seed_98 OK elapsed=518s cells=363/720 tasks_ok=51/120
[14:57:22] DONE hawk_dove/seed_99 OK elapsed=393s cells=363/720 tasks_ok=52/120
[14:57:23] START battle_of_the_sexes/seed_83 attempt=1 pid=36063 running=30 queued=38
[14:57:23] START battle_of_the_sexes/seed_84 attempt=1 pid=36064 running=31 queued=37
[14:57:23] START battle_of_the_sexes/seed_85 attempt=1 pid=36065 running=32 queued=36
[14:57:25] DONE hawk_dove/seed_95 OK elapsed=403s cells=365/720 tasks_ok=53/120
[14:57:26] START battle_of_the_sexes/seed_86 attempt=1 pid=36266 running=32 queued=35
[14:57:33] DONE hawk_dove/seed_97 OK elapsed=406s cells=370/720 tasks_ok=54/120
[14:57:34] START battle_of_the_sexes/seed_87 attempt=1 pid=36331 running=32 queued=34
[14:57:34] DONE hawk_dove/seed_100 OK elapsed=396s cells=371/720 tasks_ok=55/120
[14:57:35] START battle_of_the_sexes/seed_88 attempt=1 pid=36395 running=32 queued=33
[14:57:37] DONE hawk_dove/seed_96 OK elapsed=414s cells=373/720 tasks_ok=56/120
[14:57:38] START battle_of_the_sexes/seed_89 attempt=1 pid=36468 running=32 queued=32
[14:57:38] DONE deadlock/seed_99 OK elapsed=531s cells=373/720 tasks_ok=57/120
[14:57:39] START battle_of_the_sexes/seed_90 attempt=1 pid=36532 running=32 queued=31
[14:57:44] DONE deadlock/seed_96 OK elapsed=544s cells=375/720 tasks_ok=58/120
[14:57:44] DONE hawk_dove/seed_98 OK elapsed=416s cells=375/720 tasks_ok=59/120
[14:57:45] START battle_of_the_sexes/seed_91 attempt=1 pid=36598 running=31 queued=30
[14:57:45] START battle_of_the_sexes/seed_92 attempt=1 pid=36599 running=32 queued=29
[14:58:15] DONE hawk_dove/seed_101 OK elapsed=427s cells=383/720 tasks_ok=60/120
[14:58:16] START battle_of_the_sexes/seed_93 attempt=1 pid=36736 running=32 queued=28
[15:01:12] DONE stag_hunt/seed_84 OK elapsed=588s cells=441/720 tasks_ok=61/120
[15:01:13] START battle_of_the_sexes/seed_94 attempt=1 pid=36870 running=32 queued=27
[15:01:37] DONE stag_hunt/seed_85 OK elapsed=602s cells=447/720 tasks_ok=62/120
[15:01:38] START battle_of_the_sexes/seed_95 attempt=1 pid=36950 running=32 queued=26
[15:01:46] DONE stag_hunt/seed_83 OK elapsed=628s cells=448/720 tasks_ok=63/120
[15:01:47] START battle_of_the_sexes/seed_96 attempt=1 pid=37015 running=32 queued=25
[15:02:09] DONE stag_hunt/seed_82 OK elapsed=656s cells=455/720 tasks_ok=64/120
[15:02:10] START battle_of_the_sexes/seed_97 attempt=1 pid=37089 running=32 queued=24
[15:04:57] DONE stag_hunt/seed_89 OK elapsed=547s cells=509/720 tasks_ok=65/120
[15:04:58] START battle_of_the_sexes/seed_98 attempt=1 pid=37223 running=32 queued=23
[15:05:11] DONE stag_hunt/seed_92 OK elapsed=539s cells=515/720 tasks_ok=66/120
[15:05:12] START battle_of_the_sexes/seed_99 attempt=1 pid=37288 running=32 queued=22
[15:05:54] DONE stag_hunt/seed_86 OK elapsed=619s cells=522/720 tasks_ok=67/120
[15:05:55] START battle_of_the_sexes/seed_100 attempt=1 pid=37368 running=32 queued=21
[15:05:57] DONE stag_hunt/seed_94 OK elapsed=582s cells=523/720 tasks_ok=68/120
[15:05:58] START battle_of_the_sexes/seed_101 attempt=1 pid=37441 running=32 queued=20
[15:06:06] DONE stag_hunt/seed_88 OK elapsed=618s cells=524/720 tasks_ok=69/120
[15:06:07] START public_goods/seed_82 attempt=1 pid=37506 running=32 queued=19
[15:06:34] DONE stag_hunt/seed_87 OK elapsed=649s cells=533/720 tasks_ok=70/120
[15:06:35] START public_goods/seed_83 attempt=1 pid=37579 running=32 queued=18
[15:06:43] DONE stag_hunt/seed_91 OK elapsed=642s cells=535/720 tasks_ok=71/120
[15:06:44] START public_goods/seed_84 attempt=1 pid=37651 running=32 queued=17
[15:06:49] DONE stag_hunt/seed_90 OK elapsed=655s cells=540/720 tasks_ok=72/120
[15:06:49] DONE stag_hunt/seed_101 OK elapsed=570s cells=540/720 tasks_ok=73/120
[15:06:50] START public_goods/seed_85 attempt=1 pid=37716 running=31 queued=16
[15:06:50] START public_goods/seed_86 attempt=1 pid=37717 running=32 queued=15
[15:06:51] DONE battle_of_the_sexes/seed_86 OK elapsed=565s cells=541/720 tasks_ok=74/120
[15:06:52] START public_goods/seed_87 attempt=1 pid=37846 running=32 queued=14
[15:06:55] DONE stag_hunt/seed_96 OK elapsed=638s cells=542/720 tasks_ok=75/120
[15:06:56] START public_goods/seed_88 attempt=1 pid=37919 running=32 queued=13
[15:07:05] DONE stag_hunt/seed_93 OK elapsed=650s cells=544/720 tasks_ok=76/120
[15:07:06] START public_goods/seed_89 attempt=1 pid=37985 running=32 queued=12
[15:07:06] DONE stag_hunt/seed_95 OK elapsed=650s cells=545/720 tasks_ok=77/120
[15:07:07] START public_goods/seed_90 attempt=1 pid=38049 running=32 queued=11
[15:07:11] DONE battle_of_the_sexes/seed_85 OK elapsed=588s cells=546/720 tasks_ok=78/120
[15:07:12] START public_goods/seed_91 attempt=1 pid=38115 running=32 queued=10
[15:07:30] DONE stag_hunt/seed_99 OK elapsed=615s cells=550/720 tasks_ok=79/120
[15:07:31] START public_goods/seed_92 attempt=1 pid=38188 running=32 queued=9
[15:07:32] DONE battle_of_the_sexes/seed_87 OK elapsed=598s cells=552/720 tasks_ok=80/120
[15:07:33] START public_goods/seed_93 attempt=1 pid=38253 running=32 queued=8
[15:07:34] DONE battle_of_the_sexes/seed_91 OK elapsed=590s cells=554/720 tasks_ok=81/120
[15:07:35] START public_goods/seed_94 attempt=1 pid=38318 running=32 queued=7
[15:07:37] DONE battle_of_the_sexes/seed_92 OK elapsed=593s cells=557/720 tasks_ok=82/120
[15:07:38] START public_goods/seed_95 attempt=1 pid=38390 running=32 queued=6
[15:07:42] DONE stag_hunt/seed_97 OK elapsed=672s cells=558/720 tasks_ok=83/120
[15:07:43] START public_goods/seed_96 attempt=1 pid=38455 running=32 queued=5
[15:07:52] DONE battle_of_the_sexes/seed_90 OK elapsed=613s cells=560/720 tasks_ok=84/120
[15:07:53] START public_goods/seed_97 attempt=1 pid=38520 running=32 queued=4
[15:07:57] DONE battle_of_the_sexes/seed_88 OK elapsed=622s cells=564/720 tasks_ok=85/120
[15:07:58] START public_goods/seed_98 attempt=1 pid=38593 running=32 queued=3
[15:08:08] DONE battle_of_the_sexes/seed_83 OK elapsed=644s cells=565/720 tasks_ok=86/120
[15:08:09] START public_goods/seed_99 attempt=1 pid=38658 running=32 queued=2
[15:08:14] DONE stag_hunt/seed_98 OK elapsed=670s cells=566/720 tasks_ok=87/120
[15:08:15] START public_goods/seed_100 attempt=1 pid=38723 running=32 queued=1
[15:08:15] DONE battle_of_the_sexes/seed_84 OK elapsed=651s cells=567/720 tasks_ok=88/120
[15:08:16] START public_goods/seed_101 attempt=1 pid=38787 running=32 queued=0
[15:08:16] DONE stag_hunt/seed_100 OK elapsed=659s cells=568/720 tasks_ok=89/120
[15:08:25] DONE battle_of_the_sexes/seed_82 OK elapsed=664s cells=569/720 tasks_ok=90/120
[15:08:31] DONE battle_of_the_sexes/seed_89 OK elapsed=652s cells=571/720 tasks_ok=91/120
[15:08:48] DONE battle_of_the_sexes/seed_93 OK elapsed=632s cells=573/720 tasks_ok=92/120
[15:11:22] DONE battle_of_the_sexes/seed_94 OK elapsed=609s cells=588/720 tasks_ok=93/120
[15:11:57] DONE battle_of_the_sexes/seed_95 OK elapsed=619s cells=589/720 tasks_ok=94/120
[15:12:32] DONE battle_of_the_sexes/seed_97 OK elapsed=622s cells=594/720 tasks_ok=95/120
[15:12:44] DONE battle_of_the_sexes/seed_96 OK elapsed=657s cells=595/720 tasks_ok=96/120
[15:14:29] DONE battle_of_the_sexes/seed_98 OK elapsed=571s cells=599/720 tasks_ok=97/120
[15:15:05] DONE battle_of_the_sexes/seed_99 OK elapsed=593s cells=601/720 tasks_ok=98/120
[15:15:30] DONE battle_of_the_sexes/seed_101 OK elapsed=572s cells=602/720 tasks_ok=99/120
[15:15:58] DONE battle_of_the_sexes/seed_100 OK elapsed=603s cells=603/720 tasks_ok=100/120
[16:11:49] DONE public_goods/seed_89 OK elapsed=3882s cells=699/720 tasks_ok=101/120
[16:11:59] DONE public_goods/seed_91 OK elapsed=3886s cells=700/720 tasks_ok=102/120
[16:12:14] DONE public_goods/seed_87 OK elapsed=3922s cells=701/720 tasks_ok=103/120
[16:13:18] DONE public_goods/seed_95 OK elapsed=3939s cells=702/720 tasks_ok=104/120
[16:14:09] DONE public_goods/seed_100 OK elapsed=3954s cells=703/720 tasks_ok=105/120
[16:14:11] DONE public_goods/seed_94 OK elapsed=3996s cells=705/720 tasks_ok=106/120
[16:14:12] DONE public_goods/seed_93 OK elapsed=3999s cells=705/720 tasks_ok=107/120
[16:14:32] DONE public_goods/seed_99 OK elapsed=3984s cells=707/720 tasks_ok=108/120
[16:14:35] DONE public_goods/seed_90 OK elapsed=4048s cells=709/720 tasks_ok=109/120
[16:14:44] DONE public_goods/seed_82 OK elapsed=4117s cells=710/720 tasks_ok=110/120
[16:14:46] DONE public_goods/seed_92 OK elapsed=4035s cells=711/720 tasks_ok=111/120
[16:14:48] DONE public_goods/seed_97 OK elapsed=4015s cells=712/720 tasks_ok=112/120
[16:15:01] DONE public_goods/seed_83 OK elapsed=4106s cells=713/720 tasks_ok=113/120
[16:15:03] DONE public_goods/seed_96 OK elapsed=4040s cells=714/720 tasks_ok=114/120
[16:15:07] DONE public_goods/seed_85 OK elapsed=4097s cells=715/720 tasks_ok=115/120
[16:15:17] DONE public_goods/seed_98 OK elapsed=4039s cells=716/720 tasks_ok=116/120
[16:15:21] DONE public_goods/seed_84 OK elapsed=4117s cells=717/720 tasks_ok=117/120
[16:15:23] DONE public_goods/seed_101 OK elapsed=4028s cells=718/720 tasks_ok=118/120
[16:15:33] DONE public_goods/seed_88 OK elapsed=4117s cells=719/720 tasks_ok=119/120
[16:15:58] DONE public_goods/seed_86 OK elapsed=4148s cells=720/720 tasks_ok=120/120
{
  "campaign": "s2",
  "output": "/data/aaai/safe_sca_replication/g123_augmentation/v2_results_s2/exp_s2_safe_sca_test",
  "total_cells": 720,
  "completed_cells": 720,
  "complete": true,
  "wall_seconds": 5626.394649505615,
  "failures": [],
  "attempts": {
    "chicken/seed_82": 1,
    "chicken/seed_83": 1,
    "chicken/seed_84": 1,
    "chicken/seed_85": 1,
    "chicken/seed_86": 1,
    "chicken/seed_87": 1,
    "chicken/seed_88": 1,
    "chicken/seed_89": 1,
    "chicken/seed_90": 1,
    "chicken/seed_91": 1,
    "chicken/seed_92": 1,
    "chicken/seed_93": 1,
    "chicken/seed_94": 1,
    "chicken/seed_95": 1,
    "chicken/seed_96": 1,
    "chicken/seed_97": 1,
    "chicken/seed_98": 1,
    "chicken/seed_99": 1,
    "chicken/seed_100": 1,
    "chicken/seed_101": 1,
    "deadlock/seed_82": 1,
    "deadlock/seed_83": 1,
    "deadlock/seed_84": 1,
    "deadlock/seed_85": 1,
    "deadlock/seed_86": 1,
    "deadlock/seed_87": 1,
    "deadlock/seed_88": 1,
    "deadlock/seed_89": 1,
    "deadlock/seed_90": 1,
    "deadlock/seed_91": 1,
    "deadlock/seed_92": 1,
    "deadlock/seed_93": 1,
    "deadlock/seed_94": 1,
    "deadlock/seed_95": 1,
    "deadlock/seed_96": 1,
    "deadlock/seed_97": 1,
    "deadlock/seed_98": 1,
    "deadlock/seed_99": 1,
    "deadlock/seed_100": 1,
    "deadlock/seed_101": 1,
    "hawk_dove/seed_82": 1,
    "hawk_dove/seed_83": 1,
    "hawk_dove/seed_84": 1,
    "hawk_dove/seed_85": 1,
    "hawk_dove/seed_86": 1,
    "hawk_dove/seed_87": 1,
    "hawk_dove/seed_88": 1,
    "hawk_dove/seed_89": 1,
    "hawk_dove/seed_90": 1,
    "hawk_dove/seed_91": 1,
    "hawk_dove/seed_92": 1,
    "hawk_dove/seed_93": 1,
    "hawk_dove/seed_94": 1,
    "hawk_dove/seed_95": 1,
    "hawk_dove/seed_96": 1,
    "hawk_dove/seed_97": 1,
    "hawk_dove/seed_98": 1,
    "hawk_dove/seed_99": 1,
    "hawk_dove/seed_100": 1,
    "hawk_dove/seed_101": 1,
    "stag_hunt/seed_82": 1,
    "stag_hunt/seed_83": 1,
    "stag_hunt/seed_84": 1,
    "stag_hunt/seed_85": 1,
    "stag_hunt/seed_86": 1,
    "stag_hunt/seed_87": 1,
    "stag_hunt/seed_88": 1,
    "stag_hunt/seed_89": 1,
    "stag_hunt/seed_90": 1,
    "stag_hunt/seed_91": 1,
    "stag_hunt/seed_92": 1,
    "stag_hunt/seed_93": 1,
    "stag_hunt/seed_94": 1,
    "stag_hunt/seed_95": 1,
    "stag_hunt/seed_96": 1,
    "stag_hunt/seed_97": 1,
    "stag_hunt/seed_98": 1,
    "stag_hunt/seed_99": 1,
    "stag_hunt/seed_100": 1,
    "stag_hunt/seed_101": 1,
    "battle_of_the_sexes/seed_82": 1,
    "battle_of_the_sexes/seed_83": 1,
    "battle_of_the_sexes/seed_84": 1,
    "battle_of_the_sexes/seed_85": 1,
    "battle_of_the_sexes/seed_86": 1,
    "battle_of_the_sexes/seed_87": 1,
    "battle_of_the_sexes/seed_88": 1,
    "battle_of_the_sexes/seed_89": 1,
    "battle_of_the_sexes/seed_90": 1,
    "battle_of_the_sexes/seed_91": 1,
    "battle_of_the_sexes/seed_92": 1,
    "battle_of_the_sexes/seed_93": 1,
    "battle_of_the_sexes/seed_94": 1,
    "battle_of_the_sexes/seed_95": 1,
    "battle_of_the_sexes/seed_96": 1,
    "battle_of_the_sexes/seed_97": 1,
    "battle_of_the_sexes/seed_98": 1,
    "battle_of_the_sexes/seed_99": 1,
    "battle_of_the_sexes/seed_100": 1,
    "battle_of_the_sexes/seed_101": 1,
    "public_goods/seed_82": 1,
    "public_goods/seed_83": 1,
    "public_goods/seed_84": 1,
    "public_goods/seed_85": 1,
    "public_goods/seed_86": 1,
    "public_goods/seed_87": 1,
    "public_goods/seed_88": 1,
    "public_goods/seed_89": 1,
    "public_goods/seed_90": 1,
    "public_goods/seed_91": 1,
    "public_goods/seed_92": 1,
    "public_goods/seed_93": 1,
    "public_goods/seed_94": 1,
    "public_goods/seed_95": 1,
    "public_goods/seed_96": 1,
    "public_goods/seed_97": 1,
    "public_goods/seed_98": 1,
    "public_goods/seed_99": 1,
    "public_goods/seed_100": 1,
    "public_goods/seed_101": 1
  }
}
