[05:34:11] ================================================================
[05:34:11] V2 FIX FAST START  (VRAM-only scheduling, per-game split, no --force)
[05:34:11] ================================================================
[05:34:11]   copied 100 QG-het files -> /data/lab/results/v2/exp_a_fix/QG
[05:34:11] Total workers: 64
[05:34:11]   A: 15, D: 27, E: 14, B: 8 = 64 workers
[05:34:11]   Expected peak concurrency: ~6-10 (VRAM-limited)
[05:34:11] LAUNCH gpu0 (+4GB -> 4/27GB, 1 procs)  A_QQ_chicken
[05:35:41] LAUNCH gpu1 (+5GB -> 5/27GB, 1 procs)  A_GG_chicken
[05:37:11] LAUNCH gpu0 (+9GB -> 13/27GB, 2 procs)  A_QL_chicken
[05:38:41] LAUNCH gpu1 (+4GB -> 9/27GB, 2 procs)  A_QQ_hawk_dove
[05:40:11] LAUNCH gpu1 (+5GB -> 14/27GB, 3 procs)  A_GG_hawk_dove
[05:41:41] LAUNCH gpu0 (+9GB -> 22/27GB, 3 procs)  A_QL_hawk_dove
[05:43:11] LAUNCH gpu1 (+4GB -> 18/27GB, 4 procs)  A_QQ_deadlock
[05:44:41] LAUNCH gpu1 (+5GB -> 23/27GB, 5 procs)  A_GG_deadlock
[05:46:11] LAUNCH gpu0 (+4GB -> 26/27GB, 4 procs)  A_QQ_stag_hunt
[05:47:41] LAUNCH gpu1 (+4GB -> 27/27GB, 6 procs)  A_QQ_battle_of_the_sexes
[05:49:11] DONE  gpu1 rc=0  A_GG_deadlock  (OK)
[05:49:11] DONE  gpu1 rc=0  A_QQ_battle_of_the_sexes  (OK)
[05:49:11] LAUNCH gpu1 (+9GB -> 27/27GB, 5 procs)  A_QL_deadlock
[05:50:42] DONE  gpu1 rc=0  A_QL_deadlock  (OK)
[05:50:42] LAUNCH gpu1 (+5GB -> 23/27GB, 5 procs)  A_GG_stag_hunt
[05:52:12] LAUNCH gpu1 (+4GB -> 27/27GB, 6 procs)  D2_mp_QQ
[05:53:42] DONE  gpu1 rc=0  A_GG_stag_hunt  (OK)
[05:53:42] DONE  gpu1 rc=0  D2_mp_QQ  (OK)
[05:53:42] LAUNCH gpu1 (+9GB -> 27/27GB, 5 procs)  A_QL_stag_hunt
[05:55:12] DONE  gpu1 rc=0  A_QL_stag_hunt  (OK)
[05:55:12] LAUNCH gpu1 (+5GB -> 23/27GB, 5 procs)  A_GG_battle_of_the_sexes
[05:56:42] DONE  gpu1 rc=0  A_GG_battle_of_the_sexes  (OK)
[05:56:42] LAUNCH gpu1 (+9GB -> 27/27GB, 5 procs)  A_QL_battle_of_the_sexes
[05:58:12] DONE  gpu1 rc=0  A_QL_battle_of_the_sexes  (OK)
[05:58:12] LAUNCH gpu1 (+9GB -> 27/27GB, 5 procs)  D1_n00_chicken
[05:59:42] DONE  gpu1 rc=0  D1_n00_chicken  (OK)
[05:59:42] LAUNCH gpu1 (+9GB -> 27/27GB, 5 procs)  D1_n00_hawk_dove
[06:01:12] DONE  gpu1 rc=0  D1_n00_hawk_dove  (OK)
[06:01:12] LAUNCH gpu1 (+9GB -> 27/27GB, 5 procs)  D1_n00_deadlock
[06:02:42] DONE  gpu1 rc=0  D1_n00_deadlock  (OK)
[06:02:42] LAUNCH gpu1 (+9GB -> 27/27GB, 5 procs)  D1_n00_stag_hunt
[06:04:12] DONE  gpu1 rc=0  D1_n00_stag_hunt  (OK)
[06:04:12] LAUNCH gpu1 (+9GB -> 27/27GB, 5 procs)  D1_n00_battle_of_the_sexes
[06:05:43] DONE  gpu1 rc=0  D1_n00_battle_of_the_sexes  (OK)
[06:05:43] LAUNCH gpu1 (+9GB -> 27/27GB, 5 procs)  D1_n00_pg
[06:07:13] DONE  gpu1 rc=0  D1_n00_pg  (OK)
[06:07:13] LAUNCH gpu1 (+9GB -> 27/27GB, 5 procs)  D1_n05_chicken
[06:08:43] DONE  gpu1 rc=0  D1_n05_chicken  (OK)
[06:08:43] LAUNCH gpu1 (+9GB -> 27/27GB, 5 procs)  D1_n05_hawk_dove
[06:10:13] DONE  gpu1 rc=0  D1_n05_hawk_dove  (OK)
[06:10:13] LAUNCH gpu1 (+9GB -> 27/27GB, 5 procs)  D1_n05_deadlock
[06:11:43] DONE  gpu1 rc=0  D1_n05_deadlock  (OK)
[06:11:43] LAUNCH gpu1 (+9GB -> 27/27GB, 5 procs)  D1_n05_stag_hunt
[06:13:13] DONE  gpu1 rc=0  D1_n05_stag_hunt  (OK)
[06:13:13] LAUNCH gpu1 (+9GB -> 27/27GB, 5 procs)  D1_n05_battle_of_the_sexes
[06:14:43] DONE  gpu1 rc=0  D1_n05_battle_of_the_sexes  (OK)
[06:14:43] LAUNCH gpu1 (+9GB -> 27/27GB, 5 procs)  D1_n05_pg
[06:16:13] DONE  gpu1 rc=0  D1_n05_pg  (OK)
[06:16:13] LAUNCH gpu1 (+9GB -> 27/27GB, 5 procs)  D1_n10_chicken
[06:17:43] DONE  gpu1 rc=0  D1_n10_chicken  (OK)
[06:17:43] LAUNCH gpu1 (+9GB -> 27/27GB, 5 procs)  D1_n10_hawk_dove
[06:19:13] DONE  gpu1 rc=0  D1_n10_hawk_dove  (OK)
[06:19:13] LAUNCH gpu1 (+9GB -> 27/27GB, 5 procs)  D1_n10_deadlock
[06:20:43] DONE  gpu1 rc=0  D1_n10_deadlock  (OK)
[06:20:43] LAUNCH gpu1 (+9GB -> 27/27GB, 5 procs)  D1_n10_stag_hunt
[06:22:13] DONE  gpu1 rc=0  D1_n10_stag_hunt  (OK)
[06:22:13] LAUNCH gpu1 (+9GB -> 27/27GB, 5 procs)  D1_n10_battle_of_the_sexes
[06:23:43] DONE  gpu1 rc=0  D1_n10_battle_of_the_sexes  (OK)
[06:23:43] LAUNCH gpu1 (+9GB -> 27/27GB, 5 procs)  D1_n10_pg
[06:25:13] DONE  gpu1 rc=0  D1_n10_pg  (OK)
[06:25:13] LAUNCH gpu1 (+9GB -> 27/27GB, 5 procs)  D1_n20_chicken
[06:26:43] DONE  gpu1 rc=0  D1_n20_chicken  (OK)
[06:26:43] LAUNCH gpu1 (+9GB -> 27/27GB, 5 procs)  D1_n20_hawk_dove
[06:28:13] DONE  gpu1 rc=0  D1_n20_hawk_dove  (OK)
[06:28:13] LAUNCH gpu1 (+9GB -> 27/27GB, 5 procs)  D1_n20_deadlock
[06:29:44] DONE  gpu1 rc=0  D1_n20_deadlock  (OK)
[06:29:44] LAUNCH gpu1 (+9GB -> 27/27GB, 5 procs)  D1_n20_stag_hunt
[06:31:14] DONE  gpu1 rc=0  D1_n20_stag_hunt  (OK)
[06:31:14] LAUNCH gpu1 (+9GB -> 27/27GB, 5 procs)  D1_n20_battle_of_the_sexes
[06:32:44] DONE  gpu1 rc=0  D1_n20_battle_of_the_sexes  (OK)
[06:32:44] LAUNCH gpu1 (+9GB -> 27/27GB, 5 procs)  D1_n20_pg
[06:34:14] DONE  gpu1 rc=0  D1_n20_pg  (OK)
[06:34:14] LAUNCH gpu1 (+9GB -> 27/27GB, 5 procs)  D2_mp_QG
[06:35:44] DONE  gpu1 rc=0  D2_mp_QG  (OK)
[06:35:44] LAUNCH gpu1 (+9GB -> 27/27GB, 5 procs)  D2_mp_QL
[06:37:14] DONE  gpu1 rc=0  D2_mp_QL  (OK)
[06:37:14] LAUNCH gpu1 (+9GB -> 27/27GB, 5 procs)  E_th_03
[06:38:44] DONE  gpu1 rc=0  E_th_03  (OK)
[06:38:44] LAUNCH gpu1 (+9GB -> 27/27GB, 5 procs)  E_th_045
[06:40:14] DONE  gpu1 rc=0  E_th_045  (OK)
[06:40:14] LAUNCH gpu1 (+9GB -> 27/27GB, 5 procs)  E_th_06
[06:41:44] DONE  gpu1 rc=0  E_th_06  (OK)
[06:41:44] LAUNCH gpu1 (+9GB -> 27/27GB, 5 procs)  E_th_075
[06:43:14] DONE  gpu1 rc=0  E_th_075  (OK)
[06:43:14] LAUNCH gpu1 (+9GB -> 27/27GB, 5 procs)  E_th_09
[06:44:44] DONE  gpu1 rc=0  E_th_09  (OK)
[06:44:44] LAUNCH gpu1 (+9GB -> 27/27GB, 5 procs)  E_al_01
[06:46:14] DONE  gpu1 rc=0  E_al_01  (OK)
[06:46:14] LAUNCH gpu1 (+9GB -> 27/27GB, 5 procs)  E_al_02
[06:47:45] DONE  gpu1 rc=0  E_al_02  (OK)
[06:47:45] LAUNCH gpu1 (+9GB -> 27/27GB, 5 procs)  E_al_03
[06:49:15] DONE  gpu1 rc=0  E_al_03  (OK)
[06:49:15] LAUNCH gpu1 (+9GB -> 27/27GB, 5 procs)  E_al_05
[06:50:45] DONE  gpu1 rc=0  E_al_05  (OK)
[06:50:45] LAUNCH gpu1 (+9GB -> 27/27GB, 5 procs)  E_W_2
[06:52:15] DONE  gpu1 rc=0  E_W_2  (OK)
[06:52:15] LAUNCH gpu1 (+9GB -> 27/27GB, 5 procs)  E_W_3
[06:53:45] DONE  gpu1 rc=0  E_W_3  (OK)
[06:53:45] LAUNCH gpu1 (+9GB -> 27/27GB, 5 procs)  E_W_5
[06:55:15] DONE  gpu1 rc=0  E_W_5  (OK)
[06:55:15] LAUNCH gpu1 (+9GB -> 27/27GB, 5 procs)  E_W_8
[06:56:45] DONE  gpu1 rc=0  E_W_8  (OK)
[06:56:45] LAUNCH gpu1 (+9GB -> 27/27GB, 5 procs)  E_W_10
[06:58:15] DONE  gpu1 rc=0  E_W_10  (OK)
[06:58:15] LAUNCH gpu1 (+9GB -> 27/27GB, 5 procs)  B_bos_s0
[06:59:45] DONE  gpu1 rc=0  B_bos_s0  (OK)
[06:59:45] LAUNCH gpu1 (+9GB -> 27/27GB, 5 procs)  B_bos_s1
[07:01:15] DONE  gpu1 rc=0  B_bos_s1  (OK)
[07:01:15] LAUNCH gpu1 (+9GB -> 27/27GB, 5 procs)  B_bos_s2
[07:02:45] DONE  gpu1 rc=0  B_bos_s2  (OK)
[07:02:45] LAUNCH gpu1 (+9GB -> 27/27GB, 5 procs)  B_bos_s3
[07:04:15] DONE  gpu1 rc=0  B_bos_s3  (OK)
[07:04:15] LAUNCH gpu1 (+9GB -> 27/27GB, 5 procs)  B_pg_s0
[07:05:46] DONE  gpu1 rc=0  B_pg_s0  (OK)
[07:05:46] LAUNCH gpu1 (+9GB -> 27/27GB, 5 procs)  B_pg_s1
[07:07:16] DONE  gpu1 rc=0  B_pg_s1  (OK)
[07:07:16] LAUNCH gpu1 (+9GB -> 27/27GB, 5 procs)  B_pg_s2
[07:08:46] DONE  gpu1 rc=0  B_pg_s2  (OK)
[07:08:46] LAUNCH gpu1 (+9GB -> 27/27GB, 5 procs)  B_pg_s3
[07:10:16] DONE  gpu1 rc=0  B_pg_s3  (OK)
[07:26:28] DONE  gpu0 rc=0  A_QQ_chicken  (OK)
[07:39:49] DONE  gpu0 rc=0  A_QL_chicken  (OK)
[07:52:00] DONE  gpu0 rc=0  A_QL_hawk_dove  (OK)
[08:08:32] DONE  gpu1 rc=0  A_QQ_hawk_dove  (OK)
[08:15:02] DONE  gpu1 rc=0  A_QQ_deadlock  (OK)
[09:28:30] DONE  gpu1 rc=0  A_GG_chicken  (OK)
[09:39:31] DONE  gpu1 rc=0  A_GG_hawk_dove  (OK)
[16:57:21] DONE  gpu0 rc=-15  A_QQ_stag_hunt  (FAIL)
[16:57:21] 
================================================================
[16:57:21] V2 FIX FAST COMPLETE
[16:57:21]   exp_c_payoff_prompt:  30 (original)
[16:57:21]   exp_a_fix:            240
[16:57:21]   exp_d_fix:            0
[16:57:21]   exp_e_fix:            0
[16:57:21]   exp_b_20seed:         320
[16:57:21] ================================================================
